This file contains any messages produced by compilers while
running configure, to aid debugging if configure makes a mistake.

It was created by ircd-ratbox configure stable, which was
generated by GNU Autoconf 2.59.  Invocation command line was

  $ ./configure --enable-services --with-nicklen=50 --with-topiclen=300 --prefix=/usr/local/ircd-ratbox --enable-ipv6

## --------- ##
## Platform. ##
## --------- ##

hostname = ekrem
uname -m = x86_64
uname -r = 2.6.32-25-server
uname -s = Linux
uname -v = #44-Ubuntu SMP Fri Sep 17 21:13:39 UTC 2010

/usr/bin/uname -p = unknown
/bin/uname -X     = unknown

/bin/arch              = unknown
/usr/bin/arch -k       = unknown
/usr/convex/getsysinfo = unknown
hostinfo               = unknown
/bin/machine           = unknown
/usr/bin/oslevel       = unknown
/bin/universe          = unknown

PATH: /usr/local/sbin
PATH: /usr/local/bin
PATH: /usr/sbin
PATH: /usr/bin
PATH: /sbin
PATH: /bin
PATH: /usr/games


## ----------- ##
## Core tests. ##
## ----------- ##

configure:1398: checking for gcc
configure:1414: found /usr/bin/gcc
configure:1424: result: gcc
configure:1668: checking for C compiler version
configure:1671: gcc --version </dev/null >&5
gcc (Ubuntu 4.4.3-4ubuntu5) 4.4.3
Copyright (C) 2009 Free Software Foundation, Inc.
This is free software; see the source for copying conditions.  There is NO
warranty; not even for MERCHANTABILITY or FITNESS FOR A PARTICULAR PURPOSE.

configure:1674: $? = 0
configure:1676: gcc -v </dev/null >&5
Using built-in specs.
Target: x86_64-linux-gnu
Configured with: ../src/configure -v --with-pkgversion='Ubuntu 4.4.3-4ubuntu5' --with-bugurl=file:///usr/share/doc/gcc-4.4/README.Bugs --enable-languages=c,c++,fortran,objc,obj-c++ --prefix=/usr --enable-shared --enable-multiarch --enable-linker-build-id --with-system-zlib --libexecdir=/usr/lib --without-included-gettext --enable-threads=posix --with-gxx-include-dir=/usr/include/c++/4.4 --program-suffix=-4.4 --enable-nls --enable-clocale=gnu --enable-libstdcxx-debug --enable-plugin --enable-objc-gc --disable-werror --with-arch-32=i486 --with-tune=generic --enable-checking=release --build=x86_64-linux-gnu --host=x86_64-linux-gnu --target=x86_64-linux-gnu
Thread model: posix
gcc version 4.4.3 (Ubuntu 4.4.3-4ubuntu5) 
configure:1679: $? = 0
configure:1681: gcc -V </dev/null >&5
gcc: '-V' option must have argument
configure:1684: $? = 1
configure:1707: checking for C compiler default output file name
configure:1710: gcc    conftest.c  >&5
configure:1713: $? = 0
configure:1759: result: a.out
configure:1764: checking whether the C compiler works
configure:1770: ./a.out
configure:1773: $? = 0
configure:1790: result: yes
configure:1797: checking whether we are cross compiling
configure:1799: result: no
configure:1802: checking for suffix of executables
configure:1804: gcc -o conftest    conftest.c  >&5
configure:1807: $? = 0
configure:1832: result: 
configure:1838: checking for suffix of object files
configure:1859: gcc -c   conftest.c >&5
configure:1862: $? = 0
configure:1884: result: o
configure:1888: checking whether we are using the GNU C compiler
configure:1912: gcc -c   conftest.c >&5
configure:1918: $? = 0
configure:1921: test -z 			 || test ! -s conftest.err
configure:1924: $? = 0
configure:1927: test -s conftest.o
configure:1930: $? = 0
configure:1943: result: yes
configure:1949: checking whether gcc accepts -g
configure:1970: gcc -c -g  conftest.c >&5
configure:1976: $? = 0
configure:1979: test -z 			 || test ! -s conftest.err
configure:1982: $? = 0
configure:1985: test -s conftest.o
configure:1988: $? = 0
configure:1999: result: yes
configure:2016: checking for gcc option to accept ANSI C
configure:2086: gcc  -c -g -O2  conftest.c >&5
configure:2092: $? = 0
configure:2095: test -z 			 || test ! -s conftest.err
configure:2098: $? = 0
configure:2101: test -s conftest.o
configure:2104: $? = 0
configure:2122: result: none needed
configure:2140: gcc -c -g -O2  conftest.c >&5
conftest.c:2: error: expected '=', ',', ';', 'asm' or '__attribute__' before 'me'
configure:2146: $? = 1
configure: failed program was:
| #ifndef __cplusplus
|   choke me
| #endif
configure:2345: checking uname -s for Cygwin, Solaris, AIX or HPUX
configure:2381: result: no
configure:2387: checking if gcc is Apple GCC
configure:2397: result: no
configure:2414: checking if gcc supports the SVR4 SGS interfaces
configure:2420: result: no
configure:2426: checking for mkdep
configure:2459: result: no
configure:2465: checking for makedepend
configure:2498: result: no
configure:2503: checking how to generate dependency info
configure:2509: result: gcc -MM
configure:2539: checking for /dev/null
configure:2547: result: yes
configure:2564: checking for library containing strerror
configure:2594: gcc -o conftest    conftest.c  >&5
configure:2600: $? = 0
configure:2603: test -z 			 || test ! -s conftest.err
configure:2606: $? = 0
configure:2609: test -s conftest
configure:2612: $? = 0
configure:2681: result: none required
configure:2688: checking for inline
configure:2709: gcc -c   conftest.c >&5
configure:2715: $? = 0
configure:2718: test -z 			 || test ! -s conftest.err
configure:2721: $? = 0
configure:2724: test -s conftest.o
configure:2727: $? = 0
configure:2739: result: inline
configure:2763: checking how to run the C preprocessor
configure:2798: gcc -E  conftest.c
configure:2804: $? = 0
configure:2836: gcc -E  conftest.c
conftest.c:11:28: error: ac_nonexistent.h: No such file or directory
configure:2842: $? = 1
configure: failed program was:
| /* confdefs.h.  */
| 
| #define PACKAGE_NAME "ircd-ratbox"
| #define PACKAGE_TARNAME "ircd-ratbox"
| #define PACKAGE_VERSION "stable"
| #define PACKAGE_STRING "ircd-ratbox stable"
| #define PACKAGE_BUGREPORT ""
| #define _GNU_SOURCE 1
| #define PATH_DEVNULL "/dev/null"
| /* end confdefs.h.  */
| #include <ac_nonexistent.h>
configure:2881: result: gcc -E
configure:2905: gcc -E  conftest.c
configure:2911: $? = 0
configure:2943: gcc -E  conftest.c
conftest.c:11:28: error: ac_nonexistent.h: No such file or directory
configure:2949: $? = 1
configure: failed program was:
| /* confdefs.h.  */
| 
| #define PACKAGE_NAME "ircd-ratbox"
| #define PACKAGE_TARNAME "ircd-ratbox"
| #define PACKAGE_VERSION "stable"
| #define PACKAGE_STRING "ircd-ratbox stable"
| #define PACKAGE_BUGREPORT ""
| #define _GNU_SOURCE 1
| #define PATH_DEVNULL "/dev/null"
| /* end confdefs.h.  */
| #include <ac_nonexistent.h>
configure:2993: checking for egrep
configure:3003: result: grep -E
configure:3009: checking whether gcc needs -traditional
configure:3051: result: no
configure:3058: checking whether make sets $(MAKE)
configure:3078: result: yes
configure:3125: checking for a BSD-compatible install
configure:3180: result: /usr/bin/install -c
configure:3193: checking for rm
configure:3211: found /bin/rm
configure:3223: result: /bin/rm
configure:3232: checking for cp
configure:3250: found /bin/cp
configure:3262: result: /bin/cp
configure:3271: checking for mv
configure:3289: found /bin/mv
configure:3301: result: /bin/mv
configure:3310: checking for ln
configure:3328: found /bin/ln
configure:3340: result: /bin/ln
configure:3349: checking for sed
configure:3367: found /bin/sed
configure:3379: result: /bin/sed
configure:3388: checking for ar
configure:3406: found /usr/bin/ar
configure:3418: result: /usr/bin/ar
configure:3427: checking for ld
configure:3445: found /usr/bin/ld
configure:3457: result: /usr/bin/ld
configure:3466: checking for ranlib
configure:3484: found /usr/bin/ranlib
configure:3496: result: /usr/bin/ranlib
configure:3505: checking for touch
configure:3523: found /usr/bin/touch
configure:3535: result: /usr/bin/touch
configure:3546: checking for bison
configure:3562: found /usr/bin/bison
configure:3572: result: bison -y
configure:3594: checking for flex
configure:3610: found /usr/bin/flex
configure:3620: result: flex
configure:3633: checking for yywrap in -lfl
configure:3663: gcc -o conftest    conftest.c -lfl   >&5
configure:3669: $? = 0
configure:3672: test -z 			 || test ! -s conftest.err
configure:3675: $? = 0
configure:3678: test -s conftest
configure:3681: $? = 0
configure:3694: result: yes
configure:3771: checking lex output file root
configure:3782: flex conftest.l
configure:3785: $? = 0
configure:3797: result: lex.yy
configure:3802: checking whether yytext is a pointer
configure:3818: gcc -o conftest    conftest.c  -lfl >&5
configure:3824: $? = 0
configure:3827: test -z 			 || test ! -s conftest.err
configure:3830: $? = 0
configure:3833: test -s conftest
configure:3836: $? = 0
configure:3850: result: yes
configure:3874: checking for ANSI C header files
configure:3899: gcc -c   conftest.c >&5
configure:3905: $? = 0
configure:3908: test -z 			 || test ! -s conftest.err
configure:3911: $? = 0
configure:3914: test -s conftest.o
configure:3917: $? = 0
configure:4006: gcc -o conftest    conftest.c  >&5
conftest.c: In function 'main':
conftest.c:29: warning: incompatible implicit declaration of built-in function 'exit'
configure:4009: $? = 0
configure:4011: ./conftest
configure:4014: $? = 0
configure:4029: result: yes
configure:4054: checking for sys/types.h
configure:4070: gcc -c   conftest.c >&5
configure:4076: $? = 0
configure:4079: test -z 			 || test ! -s conftest.err
configure:4082: $? = 0
configure:4085: test -s conftest.o
configure:4088: $? = 0
configure:4099: result: yes
configure:4054: checking for sys/stat.h
configure:4070: gcc -c   conftest.c >&5
configure:4076: $? = 0
configure:4079: test -z 			 || test ! -s conftest.err
configure:4082: $? = 0
configure:4085: test -s conftest.o
configure:4088: $? = 0
configure:4099: result: yes
configure:4054: checking for stdlib.h
configure:4070: gcc -c   conftest.c >&5
configure:4076: $? = 0
configure:4079: test -z 			 || test ! -s conftest.err
configure:4082: $? = 0
configure:4085: test -s conftest.o
configure:4088: $? = 0
configure:4099: result: yes
configure:4054: checking for string.h
configure:4070: gcc -c   conftest.c >&5
configure:4076: $? = 0
configure:4079: test -z 			 || test ! -s conftest.err
configure:4082: $? = 0
configure:4085: test -s conftest.o
configure:4088: $? = 0
configure:4099: result: yes
configure:4054: checking for memory.h
configure:4070: gcc -c   conftest.c >&5
configure:4076: $? = 0
configure:4079: test -z 			 || test ! -s conftest.err
configure:4082: $? = 0
configure:4085: test -s conftest.o
configure:4088: $? = 0
configure:4099: result: yes
configure:4054: checking for strings.h
configure:4070: gcc -c   conftest.c >&5
configure:4076: $? = 0
configure:4079: test -z 			 || test ! -s conftest.err
configure:4082: $? = 0
configure:4085: test -s conftest.o
configure:4088: $? = 0
configure:4099: result: yes
configure:4054: checking for inttypes.h
configure:4070: gcc -c   conftest.c >&5
configure:4076: $? = 0
configure:4079: test -z 			 || test ! -s conftest.err
configure:4082: $? = 0
configure:4085: test -s conftest.o
configure:4088: $? = 0
configure:4099: result: yes
configure:4054: checking for stdint.h
configure:4070: gcc -c   conftest.c >&5
configure:4076: $? = 0
configure:4079: test -z 			 || test ! -s conftest.err
configure:4082: $? = 0
configure:4085: test -s conftest.o
configure:4088: $? = 0
configure:4099: result: yes
configure:4054: checking for unistd.h
configure:4070: gcc -c   conftest.c >&5
configure:4076: $? = 0
configure:4079: test -z 			 || test ! -s conftest.err
configure:4082: $? = 0
configure:4085: test -s conftest.o
configure:4088: $? = 0
configure:4099: result: yes
configure:4134: checking crypt.h usability
configure:4146: gcc -c   conftest.c >&5
configure:4152: $? = 0
configure:4155: test -z 			 || test ! -s conftest.err
configure:4158: $? = 0
configure:4161: test -s conftest.o
configure:4164: $? = 0
configure:4174: result: yes
configure:4178: checking crypt.h presence
configure:4188: gcc -E  conftest.c
configure:4194: $? = 0
configure:4214: result: yes
configure:4249: checking for crypt.h
configure:4256: result: yes
configure:4134: checking sys/resource.h usability
configure:4146: gcc -c   conftest.c >&5
configure:4152: $? = 0
configure:4155: test -z 			 || test ! -s conftest.err
configure:4158: $? = 0
configure:4161: test -s conftest.o
configure:4164: $? = 0
configure:4174: result: yes
configure:4178: checking sys/resource.h presence
configure:4188: gcc -E  conftest.c
configure:4194: $? = 0
configure:4214: result: yes
configure:4249: checking for sys/resource.h
configure:4256: result: yes
configure:4134: checking sys/param.h usability
configure:4146: gcc -c   conftest.c >&5
configure:4152: $? = 0
configure:4155: test -z 			 || test ! -s conftest.err
configure:4158: $? = 0
configure:4161: test -s conftest.o
configure:4164: $? = 0
configure:4174: result: yes
configure:4178: checking sys/param.h presence
configure:4188: gcc -E  conftest.c
configure:4194: $? = 0
configure:4214: result: yes
configure:4249: checking for sys/param.h
configure:4256: result: yes
configure:4134: checking errno.h usability
configure:4146: gcc -c   conftest.c >&5
configure:4152: $? = 0
configure:4155: test -z 			 || test ! -s conftest.err
configure:4158: $? = 0
configure:4161: test -s conftest.o
configure:4164: $? = 0
configure:4174: result: yes
configure:4178: checking errno.h presence
configure:4188: gcc -E  conftest.c
configure:4194: $? = 0
configure:4214: result: yes
configure:4249: checking for errno.h
configure:4256: result: yes
configure:4134: checking sys/syslog.h usability
configure:4146: gcc -c   conftest.c >&5
configure:4152: $? = 0
configure:4155: test -z 			 || test ! -s conftest.err
configure:4158: $? = 0
configure:4161: test -s conftest.o
configure:4164: $? = 0
configure:4174: result: yes
configure:4178: checking sys/syslog.h presence
configure:4188: gcc -E  conftest.c
configure:4194: $? = 0
configure:4214: result: yes
configure:4249: checking for sys/syslog.h
configure:4256: result: yes
configure:4134: checking stddef.h usability
configure:4146: gcc -c   conftest.c >&5
configure:4152: $? = 0
configure:4155: test -z 			 || test ! -s conftest.err
configure:4158: $? = 0
configure:4161: test -s conftest.o
configure:4164: $? = 0
configure:4174: result: yes
configure:4178: checking stddef.h presence
configure:4188: gcc -E  conftest.c
configure:4194: $? = 0
configure:4214: result: yes
configure:4249: checking for stddef.h
configure:4256: result: yes
configure:4134: checking sys/wait.h usability
configure:4146: gcc -c   conftest.c >&5
configure:4152: $? = 0
configure:4155: test -z 			 || test ! -s conftest.err
configure:4158: $? = 0
configure:4161: test -s conftest.o
configure:4164: $? = 0
configure:4174: result: yes
configure:4178: checking sys/wait.h presence
configure:4188: gcc -E  conftest.c
configure:4194: $? = 0
configure:4214: result: yes
configure:4249: checking for sys/wait.h
configure:4256: result: yes
configure:4134: checking wait.h usability
configure:4146: gcc -c   conftest.c >&5
configure:4152: $? = 0
configure:4155: test -z 			 || test ! -s conftest.err
configure:4158: $? = 0
configure:4161: test -s conftest.o
configure:4164: $? = 0
configure:4174: result: yes
configure:4178: checking wait.h presence
configure:4188: gcc -E  conftest.c
configure:4194: $? = 0
configure:4214: result: yes
configure:4249: checking for wait.h
configure:4256: result: yes
configure:4134: checking sys/epoll.h usability
configure:4146: gcc -c   conftest.c >&5
configure:4152: $? = 0
configure:4155: test -z 			 || test ! -s conftest.err
configure:4158: $? = 0
configure:4161: test -s conftest.o
configure:4164: $? = 0
configure:4174: result: yes
configure:4178: checking sys/epoll.h presence
configure:4188: gcc -E  conftest.c
configure:4194: $? = 0
configure:4214: result: yes
configure:4249: checking for sys/epoll.h
configure:4256: result: yes
configure:4134: checking sys/uio.h usability
configure:4146: gcc -c   conftest.c >&5
configure:4152: $? = 0
configure:4155: test -z 			 || test ! -s conftest.err
configure:4158: $? = 0
configure:4161: test -s conftest.o
configure:4164: $? = 0
configure:4174: result: yes
configure:4178: checking sys/uio.h presence
configure:4188: gcc -E  conftest.c
configure:4194: $? = 0
configure:4214: result: yes
configure:4249: checking for sys/uio.h
configure:4256: result: yes
configure:4271: checking for library containing socket
configure:4301: gcc -o conftest    conftest.c  >&5
configure:4307: $? = 0
configure:4310: test -z 			 || test ! -s conftest.err
configure:4313: $? = 0
configure:4316: test -s conftest
configure:4319: $? = 0
configure:4388: result: none required
configure:4400: checking for struct sockaddr.sa_len
configure:4426: gcc -c   conftest.c >&5
conftest.c: In function 'main':
conftest.c:40: error: 'struct sockaddr' has no member named 'sa_len'
configure:4432: $? = 1
configure: failed program was:
| /* confdefs.h.  */
| 
| #define PACKAGE_NAME "ircd-ratbox"
| #define PACKAGE_TARNAME "ircd-ratbox"
| #define PACKAGE_VERSION "stable"
| #define PACKAGE_STRING "ircd-ratbox stable"
| #define PACKAGE_BUGREPORT ""
| #define _GNU_SOURCE 1
| #define PATH_DEVNULL "/dev/null"
| #define YYTEXT_POINTER 1
| #define STDC_HEADERS 1
| #define HAVE_SYS_TYPES_H 1
| #define HAVE_SYS_STAT_H 1
| #define HAVE_STDLIB_H 1
| #define HAVE_STRING_H 1
| #define HAVE_MEMORY_H 1
| #define HAVE_STRINGS_H 1
| #define HAVE_INTTYPES_H 1
| #define HAVE_STDINT_H 1
| #define HAVE_UNISTD_H 1
| #define HAVE_CRYPT_H 1
| #define HAVE_SYS_RESOURCE_H 1
| #define HAVE_SYS_PARAM_H 1
| #define HAVE_ERRNO_H 1
| #define HAVE_SYS_SYSLOG_H 1
| #define HAVE_STDDEF_H 1
| #define HAVE_SYS_WAIT_H 1
| #define HAVE_WAIT_H 1
| #define HAVE_SYS_EPOLL_H 1
| #define HAVE_SYS_UIO_H 1
| /* end confdefs.h.  */
| #include <sys/types.h>
| #include <sys/socket.h>
| 
| 
| int
| main ()
| {
| static struct sockaddr ac_aggr;
| if (ac_aggr.sa_len)
| return 0;
|   ;
|   return 0;
| }
configure:4472: gcc -c   conftest.c >&5
conftest.c: In function 'main':
conftest.c:40: error: 'struct sockaddr' has no member named 'sa_len'
configure:4478: $? = 1
configure: failed program was:
| /* confdefs.h.  */
| 
| #define PACKAGE_NAME "ircd-ratbox"
| #define PACKAGE_TARNAME "ircd-ratbox"
| #define PACKAGE_VERSION "stable"
| #define PACKAGE_STRING "ircd-ratbox stable"
| #define PACKAGE_BUGREPORT ""
| #define _GNU_SOURCE 1
| #define PATH_DEVNULL "/dev/null"
| #define YYTEXT_POINTER 1
| #define STDC_HEADERS 1
| #define HAVE_SYS_TYPES_H 1
| #define HAVE_SYS_STAT_H 1
| #define HAVE_STDLIB_H 1
| #define HAVE_STRING_H 1
| #define HAVE_MEMORY_H 1
| #define HAVE_STRINGS_H 1
| #define HAVE_INTTYPES_H 1
| #define HAVE_STDINT_H 1
| #define HAVE_UNISTD_H 1
| #define HAVE_CRYPT_H 1
| #define HAVE_SYS_RESOURCE_H 1
| #define HAVE_SYS_PARAM_H 1
| #define HAVE_ERRNO_H 1
| #define HAVE_SYS_SYSLOG_H 1
| #define HAVE_STDDEF_H 1
| #define HAVE_SYS_WAIT_H 1
| #define HAVE_WAIT_H 1
| #define HAVE_SYS_EPOLL_H 1
| #define HAVE_SYS_UIO_H 1
| /* end confdefs.h.  */
| #include <sys/types.h>
| #include <sys/socket.h>
| 
| 
| int
| main ()
| {
| static struct sockaddr ac_aggr;
| if (sizeof ac_aggr.sa_len)
| return 0;
|   ;
|   return 0;
| }
configure:4503: result: no
configure:4514: checking for socklen_t
configure:4540: gcc -c   conftest.c >&5
configure:4546: $? = 0
configure:4549: test -z 			 || test ! -s conftest.err
configure:4552: $? = 0
configure:4555: test -s conftest.o
configure:4558: $? = 0
configure:4569: result: yes
configure:4593: checking for core IPv6 support
configure:4617: gcc -c   conftest.c >&5
configure:4623: $? = 0
configure:4626: test -z 			 || test ! -s conftest.err
configure:4629: $? = 0
configure:4632: test -s conftest.o
configure:4635: $? = 0
configure:4649: result: yes
configure:4651: checking for struct in6addr_any
configure:4673: gcc -c   conftest.c >&5
configure:4679: $? = 0
configure:4682: test -z 			 || test ! -s conftest.err
configure:4685: $? = 0
configure:4688: test -s conftest.o
configure:4691: $? = 0
configure:4693: result: yes
configure:4725: checking for library containing crypt
configure:4755: gcc -o conftest    conftest.c  >&5
/tmp/cc1GpyQJ.o: In function `main':
conftest.c:(.text+0xa): undefined reference to `crypt'
collect2: ld returned 1 exit status
configure:4761: $? = 1
configure: failed program was:
| /* confdefs.h.  */
| 
| #define PACKAGE_NAME "ircd-ratbox"
| #define PACKAGE_TARNAME "ircd-ratbox"
| #define PACKAGE_VERSION "stable"
| #define PACKAGE_STRING "ircd-ratbox stable"
| #define PACKAGE_BUGREPORT ""
| #define _GNU_SOURCE 1
| #define PATH_DEVNULL "/dev/null"
| #define YYTEXT_POINTER 1
| #define STDC_HEADERS 1
| #define HAVE_SYS_TYPES_H 1
| #define HAVE_SYS_STAT_H 1
| #define HAVE_STDLIB_H 1
| #define HAVE_STRING_H 1
| #define HAVE_MEMORY_H 1
| #define HAVE_STRINGS_H 1
| #define HAVE_INTTYPES_H 1
| #define HAVE_STDINT_H 1
| #define HAVE_UNISTD_H 1
| #define HAVE_CRYPT_H 1
| #define HAVE_SYS_RESOURCE_H 1
| #define HAVE_SYS_PARAM_H 1
| #define HAVE_ERRNO_H 1
| #define HAVE_SYS_SYSLOG_H 1
| #define HAVE_STDDEF_H 1
| #define HAVE_SYS_WAIT_H 1
| #define HAVE_WAIT_H 1
| #define HAVE_SYS_EPOLL_H 1
| #define HAVE_SYS_UIO_H 1
| #define IPV6 1
| /* end confdefs.h.  */
| 
| /* Override any gcc2 internal prototype to avoid an error.  */
| #ifdef __cplusplus
| extern "C"
| #endif
| /* We use char because int might match the return type of a gcc2
|    builtin and then its argument prototype would still apply.  */
| char crypt ();
| int
| main ()
| {
| crypt ();
|   ;
|   return 0;
| }
configure:4809: gcc -o conftest    conftest.c -lcrypt   >&5
configure:4815: $? = 0
configure:4818: test -z 			 || test ! -s conftest.err
configure:4821: $? = 0
configure:4824: test -s conftest
configure:4827: $? = 0
configure:4842: result: -lcrypt
configure:4868: checking whether string.h and strings.h may both be included
configure:4879: gcc -c   conftest.c >&5
configure:4885: $? = 0
configure:4888: test -z 			 || test ! -s conftest.err
configure:4891: $? = 0
configure:4894: test -s conftest.o
configure:4897: $? = 0
configure:4909: result: yes
configure:4920: checking whether byte ordering is bigendian
configure:4947: gcc -c   conftest.c >&5
configure:4953: $? = 0
configure:4956: test -z 			 || test ! -s conftest.err
configure:4959: $? = 0
configure:4962: test -s conftest.o
configure:4965: $? = 0
configure:4989: gcc -c   conftest.c >&5
conftest.c: In function 'main':
conftest.c:41: error: 'not' undeclared (first use in this function)
conftest.c:41: error: (Each undeclared identifier is reported only once
conftest.c:41: error: for each function it appears in.)
conftest.c:41: error: expected ';' before 'big'
configure:4995: $? = 1
configure: failed program was:
| /* confdefs.h.  */
| 
| #define PACKAGE_NAME "ircd-ratbox"
| #define PACKAGE_TARNAME "ircd-ratbox"
| #define PACKAGE_VERSION "stable"
| #define PACKAGE_STRING "ircd-ratbox stable"
| #define PACKAGE_BUGREPORT ""
| #define _GNU_SOURCE 1
| #define PATH_DEVNULL "/dev/null"
| #define YYTEXT_POINTER 1
| #define STDC_HEADERS 1
| #define HAVE_SYS_TYPES_H 1
| #define HAVE_SYS_STAT_H 1
| #define HAVE_STDLIB_H 1
| #define HAVE_STRING_H 1
| #define HAVE_MEMORY_H 1
| #define HAVE_STRINGS_H 1
| #define HAVE_INTTYPES_H 1
| #define HAVE_STDINT_H 1
| #define HAVE_UNISTD_H 1
| #define HAVE_CRYPT_H 1
| #define HAVE_SYS_RESOURCE_H 1
| #define HAVE_SYS_PARAM_H 1
| #define HAVE_ERRNO_H 1
| #define HAVE_SYS_SYSLOG_H 1
| #define HAVE_STDDEF_H 1
| #define HAVE_SYS_WAIT_H 1
| #define HAVE_WAIT_H 1
| #define HAVE_SYS_EPOLL_H 1
| #define HAVE_SYS_UIO_H 1
| #define IPV6 1
| #define STRING_WITH_STRINGS 1
| /* end confdefs.h.  */
| #include <sys/types.h>
| #include <sys/param.h>
| 
| int
| main ()
| {
| #if BYTE_ORDER != BIG_ENDIAN
|  not big endian
| #endif
| 
|   ;
|   return 0;
| }
configure:5128: result: no
configure:5158: checking stdarg.h usability
configure:5170: gcc -c   conftest.c >&5
configure:5176: $? = 0
configure:5179: test -z 			 || test ! -s conftest.err
configure:5182: $? = 0
configure:5185: test -s conftest.o
configure:5188: $? = 0
configure:5198: result: yes
configure:5202: checking stdarg.h presence
configure:5212: gcc -E  conftest.c
configure:5218: $? = 0
configure:5238: result: yes
configure:5273: checking for stdarg.h
configure:5280: result: yes
configure:5297: checking for strlcpy
configure:5321: gcc -o conftest  -Wimplicit -Werror   conftest.c -lcrypt  >&5
cc1: warnings being treated as errors
conftest.c: In function 'main':
conftest.c:40: error: implicit declaration of function 'strlcpy'
configure:5327: $? = 1
configure: failed program was:
| /* confdefs.h.  */
| 
| #define PACKAGE_NAME "ircd-ratbox"
| #define PACKAGE_TARNAME "ircd-ratbox"
| #define PACKAGE_VERSION "stable"
| #define PACKAGE_STRING "ircd-ratbox stable"
| #define PACKAGE_BUGREPORT ""
| #define _GNU_SOURCE 1
| #define PATH_DEVNULL "/dev/null"
| #define YYTEXT_POINTER 1
| #define STDC_HEADERS 1
| #define HAVE_SYS_TYPES_H 1
| #define HAVE_SYS_STAT_H 1
| #define HAVE_STDLIB_H 1
| #define HAVE_STRING_H 1
| #define HAVE_MEMORY_H 1
| #define HAVE_STRINGS_H 1
| #define HAVE_INTTYPES_H 1
| #define HAVE_STDINT_H 1
| #define HAVE_UNISTD_H 1
| #define HAVE_CRYPT_H 1
| #define HAVE_SYS_RESOURCE_H 1
| #define HAVE_SYS_PARAM_H 1
| #define HAVE_ERRNO_H 1
| #define HAVE_SYS_SYSLOG_H 1
| #define HAVE_STDDEF_H 1
| #define HAVE_SYS_WAIT_H 1
| #define HAVE_WAIT_H 1
| #define HAVE_SYS_EPOLL_H 1
| #define HAVE_SYS_UIO_H 1
| #define IPV6 1
| #define STRING_WITH_STRINGS 1
| /* end confdefs.h.  */
| #include <string.h>
| 		#include <stdlib.h>
| int
| main ()
| {
| char *a = malloc(6);
| 		strlcpy(a, "hello", 6);
| 
|   ;
|   return 0;
| }
configure:5352: result: no
configure:5359: checking for strlcat
configure:5381: gcc -o conftest  -Wimplicit -Werror   conftest.c -lcrypt  >&5
cc1: warnings being treated as errors
conftest.c: In function 'main':
conftest.c:41: error: implicit declaration of function 'strlcat'
configure:5387: $? = 1
configure: failed program was:
| /* confdefs.h.  */
| 
| #define PACKAGE_NAME "ircd-ratbox"
| #define PACKAGE_TARNAME "ircd-ratbox"
| #define PACKAGE_VERSION "stable"
| #define PACKAGE_STRING "ircd-ratbox stable"
| #define PACKAGE_BUGREPORT ""
| #define _GNU_SOURCE 1
| #define PATH_DEVNULL "/dev/null"
| #define YYTEXT_POINTER 1
| #define STDC_HEADERS 1
| #define HAVE_SYS_TYPES_H 1
| #define HAVE_SYS_STAT_H 1
| #define HAVE_STDLIB_H 1
| #define HAVE_STRING_H 1
| #define HAVE_MEMORY_H 1
| #define HAVE_STRINGS_H 1
| #define HAVE_INTTYPES_H 1
| #define HAVE_STDINT_H 1
| #define HAVE_UNISTD_H 1
| #define HAVE_CRYPT_H 1
| #define HAVE_SYS_RESOURCE_H 1
| #define HAVE_SYS_PARAM_H 1
| #define HAVE_ERRNO_H 1
| #define HAVE_SYS_SYSLOG_H 1
| #define HAVE_STDDEF_H 1
| #define HAVE_SYS_WAIT_H 1
| #define HAVE_WAIT_H 1
| #define HAVE_SYS_EPOLL_H 1
| #define HAVE_SYS_UIO_H 1
| #define IPV6 1
| #define STRING_WITH_STRINGS 1
| /* end confdefs.h.  */
| #include <string.h>
| 		#include <stdlib.h>
| int
| main ()
| {
| char *a = malloc(6);
| 		a[0] = '\0';
| 		strlcat(a, "hello", 6);
| 
|   ;
|   return 0;
| }
configure:5412: result: no
configure:5530: checking for stdint types
configure:5558: gcc -c   conftest.c >&5
configure:5564: $? = 0
configure:5567: test -z 			 || test ! -s conftest.err
configure:5570: $? = 0
configure:5573: test -s conftest.o
configure:5576: $? = 0
configure:5605: result: stdint.h (shortcircuit)
configure:8332: result: make use of stdint.h in include/_stdint.h (assuming C99 compatible system)
configure:8340: checking for in_port_t
configure:8366: gcc -c   conftest.c >&5
configure:8372: $? = 0
configure:8375: test -z 			 || test ! -s conftest.err
configure:8378: $? = 0
configure:8381: test -s conftest.o
configure:8384: $? = 0
configure:8395: result: yes
configure:8408: checking for sa_family_t
configure:8434: gcc -c   conftest.c >&5
configure:8440: $? = 0
configure:8443: test -z 			 || test ! -s conftest.err
configure:8446: $? = 0
configure:8449: test -s conftest.o
configure:8452: $? = 0
configure:8463: result: yes
configure:8485: checking for socketpair
configure:8542: gcc -o conftest    conftest.c -lcrypt  >&5
configure:8548: $? = 0
configure:8551: test -z 			 || test ! -s conftest.err
configure:8554: $? = 0
configure:8557: test -s conftest
configure:8560: $? = 0
configure:8572: result: yes
configure:8485: checking for vsnprintf
configure:8542: gcc -o conftest    conftest.c -lcrypt  >&5
conftest.c:59: warning: conflicting types for built-in function 'vsnprintf'
configure:8548: $? = 0
configure:8551: test -z 			 || test ! -s conftest.err
configure:8554: $? = 0
configure:8557: test -s conftest
configure:8560: $? = 0
configure:8572: result: yes
configure:8485: checking for mmap
configure:8542: gcc -o conftest    conftest.c -lcrypt  >&5
configure:8548: $? = 0
configure:8551: test -z 			 || test ! -s conftest.err
configure:8554: $? = 0
configure:8557: test -s conftest
configure:8560: $? = 0
configure:8572: result: yes
configure:8485: checking for gettimeofday
configure:8542: gcc -o conftest    conftest.c -lcrypt  >&5
configure:8548: $? = 0
configure:8551: test -z 			 || test ! -s conftest.err
configure:8554: $? = 0
configure:8557: test -s conftest
configure:8560: $? = 0
configure:8572: result: yes
configure:8485: checking for strdup
configure:8542: gcc -o conftest    conftest.c -lcrypt  >&5
conftest.c:62: warning: conflicting types for built-in function 'strdup'
configure:8548: $? = 0
configure:8551: test -z 			 || test ! -s conftest.err
configure:8554: $? = 0
configure:8557: test -s conftest
configure:8560: $? = 0
configure:8572: result: yes
configure:8485: checking for strndup
configure:8542: gcc -o conftest    conftest.c -lcrypt  >&5
conftest.c:63: warning: conflicting types for built-in function 'strndup'
configure:8548: $? = 0
configure:8551: test -z 			 || test ! -s conftest.err
configure:8554: $? = 0
configure:8557: test -s conftest
configure:8560: $? = 0
configure:8572: result: yes
configure:8585: checking for working alloca.h
configure:8606: gcc -o conftest    conftest.c -lcrypt  >&5
configure:8612: $? = 0
configure:8615: test -z 			 || test ! -s conftest.err
configure:8618: $? = 0
configure:8621: test -s conftest
configure:8624: $? = 0
configure:8636: result: yes
configure:8646: checking for alloca
configure:8687: gcc -o conftest    conftest.c -lcrypt  >&5
configure:8693: $? = 0
configure:8696: test -z 			 || test ! -s conftest.err
configure:8699: $? = 0
configure:8702: test -s conftest
configure:8705: $? = 0
configure:8717: result: yes
configure:8941: checking for nanosleep
configure:8998: gcc -o conftest    conftest.c -lcrypt  >&5
configure:9004: $? = 0
configure:9007: test -z 			 || test ! -s conftest.err
configure:9010: $? = 0
configure:9013: test -s conftest
configure:9016: $? = 0
configure:9028: result: yes
configure:9183: checking for OpenSSL
configure:9226: result: not found. Specify a correct path?
configure:9405: checking zlib.h usability
configure:9417: gcc -c   conftest.c >&5
conftest.c:77:18: error: zlib.h: No such file or directory
configure:9423: $? = 1
configure: failed program was:
| /* confdefs.h.  */
| 
| #define PACKAGE_NAME "ircd-ratbox"
| #define PACKAGE_TARNAME "ircd-ratbox"
| #define PACKAGE_VERSION "stable"
| #define PACKAGE_STRING "ircd-ratbox stable"
| #define PACKAGE_BUGREPORT ""
| #define _GNU_SOURCE 1
| #define PATH_DEVNULL "/dev/null"
| #define YYTEXT_POINTER 1
| #define STDC_HEADERS 1
| #define HAVE_SYS_TYPES_H 1
| #define HAVE_SYS_STAT_H 1
| #define HAVE_STDLIB_H 1
| #define HAVE_STRING_H 1
| #define HAVE_MEMORY_H 1
| #define HAVE_STRINGS_H 1
| #define HAVE_INTTYPES_H 1
| #define HAVE_STDINT_H 1
| #define HAVE_UNISTD_H 1
| #define HAVE_CRYPT_H 1
| #define HAVE_SYS_RESOURCE_H 1
| #define HAVE_SYS_PARAM_H 1
| #define HAVE_ERRNO_H 1
| #define HAVE_SYS_SYSLOG_H 1
| #define HAVE_STDDEF_H 1
| #define HAVE_SYS_WAIT_H 1
| #define HAVE_WAIT_H 1
| #define HAVE_SYS_EPOLL_H 1
| #define HAVE_SYS_UIO_H 1
| #define IPV6 1
| #define STRING_WITH_STRINGS 1
| #define HAVE_SOCKETPAIR 1
| #define HAVE_VSNPRINTF 1
| #define HAVE_MMAP 1
| #define HAVE_GETTIMEOFDAY 1
| #define HAVE_STRDUP 1
| #define HAVE_STRNDUP 1
| #define HAVE_ALLOCA_H 1
| #define HAVE_ALLOCA 1
| #define HAVE_NANOSLEEP 1
| /* end confdefs.h.  */
| #include <stdio.h>
| #if HAVE_SYS_TYPES_H
| # include <sys/types.h>
| #endif
| #if HAVE_SYS_STAT_H
| # include <sys/stat.h>
| #endif
| #if STDC_HEADERS
| # include <stdlib.h>
| # include <stddef.h>
| #else
| # if HAVE_STDLIB_H
| #  include <stdlib.h>
| # endif
| #endif
| #if HAVE_STRING_H
| # if !STDC_HEADERS && HAVE_MEMORY_H
| #  include <memory.h>
| # endif
| # include <string.h>
| #endif
| #if HAVE_STRINGS_H
| # include <strings.h>
| #endif
| #if HAVE_INTTYPES_H
| # include <inttypes.h>
| #else
| # if HAVE_STDINT_H
| #  include <stdint.h>
| # endif
| #endif
| #if HAVE_UNISTD_H
| # include <unistd.h>
| #endif
| #include <zlib.h>
configure:9445: result: no
configure:9449: checking zlib.h presence
configure:9459: gcc -E  conftest.c
conftest.c:43:18: error: zlib.h: No such file or directory
configure:9465: $? = 1
configure: failed program was:
| /* confdefs.h.  */
| 
| #define PACKAGE_NAME "ircd-ratbox"
| #define PACKAGE_TARNAME "ircd-ratbox"
| #define PACKAGE_VERSION "stable"
| #define PACKAGE_STRING "ircd-ratbox stable"
| #define PACKAGE_BUGREPORT ""
| #define _GNU_SOURCE 1
| #define PATH_DEVNULL "/dev/null"
| #define YYTEXT_POINTER 1
| #define STDC_HEADERS 1
| #define HAVE_SYS_TYPES_H 1
| #define HAVE_SYS_STAT_H 1
| #define HAVE_STDLIB_H 1
| #define HAVE_STRING_H 1
| #define HAVE_MEMORY_H 1
| #define HAVE_STRINGS_H 1
| #define HAVE_INTTYPES_H 1
| #define HAVE_STDINT_H 1
| #define HAVE_UNISTD_H 1
| #define HAVE_CRYPT_H 1
| #define HAVE_SYS_RESOURCE_H 1
| #define HAVE_SYS_PARAM_H 1
| #define HAVE_ERRNO_H 1
| #define HAVE_SYS_SYSLOG_H 1
| #define HAVE_STDDEF_H 1
| #define HAVE_SYS_WAIT_H 1
| #define HAVE_WAIT_H 1
| #define HAVE_SYS_EPOLL_H 1
| #define HAVE_SYS_UIO_H 1
| #define IPV6 1
| #define STRING_WITH_STRINGS 1
| #define HAVE_SOCKETPAIR 1
| #define HAVE_VSNPRINTF 1
| #define HAVE_MMAP 1
| #define HAVE_GETTIMEOFDAY 1
| #define HAVE_STRDUP 1
| #define HAVE_STRNDUP 1
| #define HAVE_ALLOCA_H 1
| #define HAVE_ALLOCA 1
| #define HAVE_NANOSLEEP 1
| /* end confdefs.h.  */
| #include <zlib.h>
configure:9485: result: no
configure:9520: checking for zlib.h
configure:9527: result: no
configure:9848: checking whether to modify confdir
configure:9881: result: no
configure:9909: checking whether to modify logdir
configure:9942: result: no
configure:9970: checking whether to modify helpdir
configure:10003: result: no
configure:10031: checking whether to modify moduledir
configure:10064: result: no
configure:10101: checking for select
configure:10158: gcc -o conftest    conftest.c -lcrypt  >&5
configure:10164: $? = 0
configure:10167: test -z 			 || test ! -s conftest.err
configure:10170: $? = 0
configure:10173: test -s conftest
configure:10176: $? = 0
configure:10188: result: yes
configure:10210: checking for poll
configure:10267: gcc -o conftest    conftest.c -lcrypt  >&5
configure:10273: $? = 0
configure:10276: test -z 			 || test ! -s conftest.err
configure:10279: $? = 0
configure:10282: test -s conftest
configure:10285: $? = 0
configure:10297: result: yes
configure:10315: checking for /dev/poll
configure:10472: result: no
configure:10482: checking for kevent
configure:10539: gcc -o conftest    conftest.c -lcrypt  >&5
/tmp/cc3GKTU6.o: In function `main':
conftest.c:(.text+0xd): undefined reference to `kevent'
/tmp/cc3GKTU6.o:(.data+0x0): undefined reference to `kevent'
collect2: ld returned 1 exit status
configure:10545: $? = 1
configure: failed program was:
| /* confdefs.h.  */
| 
| #define PACKAGE_NAME "ircd-ratbox"
| #define PACKAGE_TARNAME "ircd-ratbox"
| #define PACKAGE_VERSION "stable"
| #define PACKAGE_STRING "ircd-ratbox stable"
| #define PACKAGE_BUGREPORT ""
| #define _GNU_SOURCE 1
| #define PATH_DEVNULL "/dev/null"
| #define YYTEXT_POINTER 1
| #define STDC_HEADERS 1
| #define HAVE_SYS_TYPES_H 1
| #define HAVE_SYS_STAT_H 1
| #define HAVE_STDLIB_H 1
| #define HAVE_STRING_H 1
| #define HAVE_MEMORY_H 1
| #define HAVE_STRINGS_H 1
| #define HAVE_INTTYPES_H 1
| #define HAVE_STDINT_H 1
| #define HAVE_UNISTD_H 1
| #define HAVE_CRYPT_H 1
| #define HAVE_SYS_RESOURCE_H 1
| #define HAVE_SYS_PARAM_H 1
| #define HAVE_ERRNO_H 1
| #define HAVE_SYS_SYSLOG_H 1
| #define HAVE_STDDEF_H 1
| #define HAVE_SYS_WAIT_H 1
| #define HAVE_WAIT_H 1
| #define HAVE_SYS_EPOLL_H 1
| #define HAVE_SYS_UIO_H 1
| #define IPV6 1
| #define STRING_WITH_STRINGS 1
| #define HAVE_SOCKETPAIR 1
| #define HAVE_VSNPRINTF 1
| #define HAVE_MMAP 1
| #define HAVE_GETTIMEOFDAY 1
| #define HAVE_STRDUP 1
| #define HAVE_STRNDUP 1
| #define HAVE_ALLOCA_H 1
| #define HAVE_ALLOCA 1
| #define HAVE_NANOSLEEP 1
| #define ETC_DIR "/usr/local/ircd-ratbox/etc"
| #define LOG_DIR "/usr/local/ircd-ratbox/logs"
| #define HELP_DIR "/usr/local/ircd-ratbox/help"
| #define MODULE_DIR "/usr/local/ircd-ratbox/modules"
| #define HAVE_SELECT 1
| #define HAVE_POLL 1
| /* end confdefs.h.  */
| /* Define kevent to an innocuous variant, in case <limits.h> declares kevent.
|    For example, HP-UX 11i <limits.h> declares gettimeofday.  */
| #define kevent innocuous_kevent
| 
| /* System header to define __stub macros and hopefully few prototypes,
|     which can conflict with char kevent (); below.
|     Prefer <limits.h> to <assert.h> if __STDC__ is defined, since
|     <limits.h> exists even on freestanding compilers.  */
| 
| #ifdef __STDC__
| # include <limits.h>
| #else
| # include <assert.h>
| #endif
| 
| #undef kevent
| 
| /* Override any gcc2 internal prototype to avoid an error.  */
| #ifdef __cplusplus
| extern "C"
| {
| #endif
| /* We use char because int might match the return type of a gcc2
|    builtin and then its argument prototype would still apply.  */
| char kevent ();
| /* The GNU C library defines this for functions which it implements
|     to always fail with ENOSYS.  Some functions are actually named
|     something starting with __ and the normal name is an alias.  */
| #if defined (__stub_kevent) || defined (__stub___kevent)
| choke me
| #else
| char (*f) () = kevent;
| #endif
| #ifdef __cplusplus
| }
| #endif
| 
| int
| main ()
| {
| return f != kevent;
|   ;
|   return 0;
| }
configure:10569: result: no
configure:10591: checking for epoll_ctl
configure:10648: gcc -o conftest    conftest.c -lcrypt  >&5
configure:10654: $? = 0
configure:10657: test -z 			 || test ! -s conftest.err
configure:10660: $? = 0
configure:10663: test -s conftest
configure:10666: $? = 0
configure:10678: result: yes
configure:10692: checking for epoll support in kernel
configure:10721: gcc -o conftest    conftest.c -lcrypt  >&5
conftest.c: In function 'main':
conftest.c:63: warning: incompatible implicit declaration of built-in function 'exit'
configure:10724: $? = 0
configure:10726: ./conftest
configure:10729: $? = 0
configure:10731: result: yes
configure:10874: checking if you want IO Debugging hooks
configure:10893: result: no
configure:10898: checking if you want to do a profile build
configure:10923: result: no
configure:11114: WARNING: NICKLEN has a hard limit of 50. Setting NICKLEN=50
configure:11205: checking dlfcn.h usability
configure:11217: gcc -c   conftest.c >&5
configure:11223: $? = 0
configure:11226: test -z 			 || test ! -s conftest.err
configure:11229: $? = 0
configure:11232: test -s conftest.o
configure:11235: $? = 0
configure:11245: result: yes
configure:11249: checking dlfcn.h presence
configure:11259: gcc -E  conftest.c
configure:11265: $? = 0
configure:11285: result: yes
configure:11320: checking for dlfcn.h
configure:11327: result: yes
configure:11340: checking for library containing shl_load
configure:11370: gcc -o conftest    conftest.c -lcrypt  >&5
/tmp/cczUuNym.o: In function `main':
conftest.c:(.text+0xa): undefined reference to `shl_load'
collect2: ld returned 1 exit status
configure:11376: $? = 1
configure: failed program was:
| /* confdefs.h.  */
| 
| #define PACKAGE_NAME "ircd-ratbox"
| #define PACKAGE_TARNAME "ircd-ratbox"
| #define PACKAGE_VERSION "stable"
| #define PACKAGE_STRING "ircd-ratbox stable"
| #define PACKAGE_BUGREPORT ""
| #define _GNU_SOURCE 1
| #define PATH_DEVNULL "/dev/null"
| #define YYTEXT_POINTER 1
| #define STDC_HEADERS 1
| #define HAVE_SYS_TYPES_H 1
| #define HAVE_SYS_STAT_H 1
| #define HAVE_STDLIB_H 1
| #define HAVE_STRING_H 1
| #define HAVE_MEMORY_H 1
| #define HAVE_STRINGS_H 1
| #define HAVE_INTTYPES_H 1
| #define HAVE_STDINT_H 1
| #define HAVE_UNISTD_H 1
| #define HAVE_CRYPT_H 1
| #define HAVE_SYS_RESOURCE_H 1
| #define HAVE_SYS_PARAM_H 1
| #define HAVE_ERRNO_H 1
| #define HAVE_SYS_SYSLOG_H 1
| #define HAVE_STDDEF_H 1
| #define HAVE_SYS_WAIT_H 1
| #define HAVE_WAIT_H 1
| #define HAVE_SYS_EPOLL_H 1
| #define HAVE_SYS_UIO_H 1
| #define IPV6 1
| #define STRING_WITH_STRINGS 1
| #define HAVE_SOCKETPAIR 1
| #define HAVE_VSNPRINTF 1
| #define HAVE_MMAP 1
| #define HAVE_GETTIMEOFDAY 1
| #define HAVE_STRDUP 1
| #define HAVE_STRNDUP 1
| #define HAVE_ALLOCA_H 1
| #define HAVE_ALLOCA 1
| #define HAVE_NANOSLEEP 1
| #define ETC_DIR "/usr/local/ircd-ratbox/etc"
| #define LOG_DIR "/usr/local/ircd-ratbox/logs"
| #define HELP_DIR "/usr/local/ircd-ratbox/help"
| #define MODULE_DIR "/usr/local/ircd-ratbox/modules"
| #define HAVE_SELECT 1
| #define HAVE_POLL 1
| #define HAVE_EPOLL_CTL 1
| #define HAVE_EPOLL 1
| #define SELECT_TYPE "epoll"
| #define NDEBUG 1
| #define ENABLE_SERVICES 1
| #define NICKNAMEHISTORYLENGTH 15000
| #define CHANNEL_HEAP_SIZE 8192
| #define BAN_HEAP_SIZE 4096
| #define CLIENT_HEAP_SIZE 8192
| #define LCLIENT_HEAP_SIZE 1024
| #define USER_HEAP_SIZE 8192
| #define DNODE_HEAP_SIZE 8192
| #define TOPIC_HEAP_SIZE 4096
| #define LINEBUF_HEAP_SIZE 2048
| #define MEMBER_HEAP_SIZE 32768
| #define ND_HEAP_SIZE 512
| #define CONFITEM_HEAP_SIZE 1024
| #define MONITOR_HEAP_SIZE 1024
| #define AUTH_HEAP_SIZE 256
| #define TOPICLEN 300
| #define NICKLEN (50+1)
| #define RATBOX_CONFIGURE_OPTS "'--enable-services' '--with-nicklen=50' '--with-topiclen=300' '--prefix=/usr/local/ircd-ratbox' '--enable-ipv6'"
| #define HAVE_DLFCN_H 1
| /* end confdefs.h.  */
| 
| /* Override any gcc2 internal prototype to avoid an error.  */
| #ifdef __cplusplus
| extern "C"
| #endif
| /* We use char because int might match the return type of a gcc2
|    builtin and then its argument prototype would still apply.  */
| char shl_load ();
| int
| main ()
| {
| shl_load ();
|   ;
|   return 0;
| }
configure:11424: gcc -o conftest    conftest.c -ldld  -lcrypt  >&5
/usr/bin/ld: cannot find -ldld
collect2: ld returned 1 exit status
configure:11430: $? = 1
configure: failed program was:
| /* confdefs.h.  */
| 
| #define PACKAGE_NAME "ircd-ratbox"
| #define PACKAGE_TARNAME "ircd-ratbox"
| #define PACKAGE_VERSION "stable"
| #define PACKAGE_STRING "ircd-ratbox stable"
| #define PACKAGE_BUGREPORT ""
| #define _GNU_SOURCE 1
| #define PATH_DEVNULL "/dev/null"
| #define YYTEXT_POINTER 1
| #define STDC_HEADERS 1
| #define HAVE_SYS_TYPES_H 1
| #define HAVE_SYS_STAT_H 1
| #define HAVE_STDLIB_H 1
| #define HAVE_STRING_H 1
| #define HAVE_MEMORY_H 1
| #define HAVE_STRINGS_H 1
| #define HAVE_INTTYPES_H 1
| #define HAVE_STDINT_H 1
| #define HAVE_UNISTD_H 1
| #define HAVE_CRYPT_H 1
| #define HAVE_SYS_RESOURCE_H 1
| #define HAVE_SYS_PARAM_H 1
| #define HAVE_ERRNO_H 1
| #define HAVE_SYS_SYSLOG_H 1
| #define HAVE_STDDEF_H 1
| #define HAVE_SYS_WAIT_H 1
| #define HAVE_WAIT_H 1
| #define HAVE_SYS_EPOLL_H 1
| #define HAVE_SYS_UIO_H 1
| #define IPV6 1
| #define STRING_WITH_STRINGS 1
| #define HAVE_SOCKETPAIR 1
| #define HAVE_VSNPRINTF 1
| #define HAVE_MMAP 1
| #define HAVE_GETTIMEOFDAY 1
| #define HAVE_STRDUP 1
| #define HAVE_STRNDUP 1
| #define HAVE_ALLOCA_H 1
| #define HAVE_ALLOCA 1
| #define HAVE_NANOSLEEP 1
| #define ETC_DIR "/usr/local/ircd-ratbox/etc"
| #define LOG_DIR "/usr/local/ircd-ratbox/logs"
| #define HELP_DIR "/usr/local/ircd-ratbox/help"
| #define MODULE_DIR "/usr/local/ircd-ratbox/modules"
| #define HAVE_SELECT 1
| #define HAVE_POLL 1
| #define HAVE_EPOLL_CTL 1
| #define HAVE_EPOLL 1
| #define SELECT_TYPE "epoll"
| #define NDEBUG 1
| #define ENABLE_SERVICES 1
| #define NICKNAMEHISTORYLENGTH 15000
| #define CHANNEL_HEAP_SIZE 8192
| #define BAN_HEAP_SIZE 4096
| #define CLIENT_HEAP_SIZE 8192
| #define LCLIENT_HEAP_SIZE 1024
| #define USER_HEAP_SIZE 8192
| #define DNODE_HEAP_SIZE 8192
| #define TOPIC_HEAP_SIZE 4096
| #define LINEBUF_HEAP_SIZE 2048
| #define MEMBER_HEAP_SIZE 32768
| #define ND_HEAP_SIZE 512
| #define CONFITEM_HEAP_SIZE 1024
| #define MONITOR_HEAP_SIZE 1024
| #define AUTH_HEAP_SIZE 256
| #define TOPICLEN 300
| #define NICKLEN (50+1)
| #define RATBOX_CONFIGURE_OPTS "'--enable-services' '--with-nicklen=50' '--with-topiclen=300' '--prefix=/usr/local/ircd-ratbox' '--enable-ipv6'"
| #define HAVE_DLFCN_H 1
| /* end confdefs.h.  */
| 
| /* Override any gcc2 internal prototype to avoid an error.  */
| #ifdef __cplusplus
| extern "C"
| #endif
| /* We use char because int might match the return type of a gcc2
|    builtin and then its argument prototype would still apply.  */
| char shl_load ();
| int
| main ()
| {
| shl_load ();
|   ;
|   return 0;
| }
configure:11457: result: no
configure:11473: checking for library containing dlopen
configure:11503: gcc -o conftest    conftest.c -lcrypt  >&5
/tmp/ccNr2UQq.o: In function `main':
conftest.c:(.text+0xa): undefined reference to `dlopen'
collect2: ld returned 1 exit status
configure:11509: $? = 1
configure: failed program was:
| /* confdefs.h.  */
| 
| #define PACKAGE_NAME "ircd-ratbox"
| #define PACKAGE_TARNAME "ircd-ratbox"
| #define PACKAGE_VERSION "stable"
| #define PACKAGE_STRING "ircd-ratbox stable"
| #define PACKAGE_BUGREPORT ""
| #define _GNU_SOURCE 1
| #define PATH_DEVNULL "/dev/null"
| #define YYTEXT_POINTER 1
| #define STDC_HEADERS 1
| #define HAVE_SYS_TYPES_H 1
| #define HAVE_SYS_STAT_H 1
| #define HAVE_STDLIB_H 1
| #define HAVE_STRING_H 1
| #define HAVE_MEMORY_H 1
| #define HAVE_STRINGS_H 1
| #define HAVE_INTTYPES_H 1
| #define HAVE_STDINT_H 1
| #define HAVE_UNISTD_H 1
| #define HAVE_CRYPT_H 1
| #define HAVE_SYS_RESOURCE_H 1
| #define HAVE_SYS_PARAM_H 1
| #define HAVE_ERRNO_H 1
| #define HAVE_SYS_SYSLOG_H 1
| #define HAVE_STDDEF_H 1
| #define HAVE_SYS_WAIT_H 1
| #define HAVE_WAIT_H 1
| #define HAVE_SYS_EPOLL_H 1
| #define HAVE_SYS_UIO_H 1
| #define IPV6 1
| #define STRING_WITH_STRINGS 1
| #define HAVE_SOCKETPAIR 1
| #define HAVE_VSNPRINTF 1
| #define HAVE_MMAP 1
| #define HAVE_GETTIMEOFDAY 1
| #define HAVE_STRDUP 1
| #define HAVE_STRNDUP 1
| #define HAVE_ALLOCA_H 1
| #define HAVE_ALLOCA 1
| #define HAVE_NANOSLEEP 1
| #define ETC_DIR "/usr/local/ircd-ratbox/etc"
| #define LOG_DIR "/usr/local/ircd-ratbox/logs"
| #define HELP_DIR "/usr/local/ircd-ratbox/help"
| #define MODULE_DIR "/usr/local/ircd-ratbox/modules"
| #define HAVE_SELECT 1
| #define HAVE_POLL 1
| #define HAVE_EPOLL_CTL 1
| #define HAVE_EPOLL 1
| #define SELECT_TYPE "epoll"
| #define NDEBUG 1
| #define ENABLE_SERVICES 1
| #define NICKNAMEHISTORYLENGTH 15000
| #define CHANNEL_HEAP_SIZE 8192
| #define BAN_HEAP_SIZE 4096
| #define CLIENT_HEAP_SIZE 8192
| #define LCLIENT_HEAP_SIZE 1024
| #define USER_HEAP_SIZE 8192
| #define DNODE_HEAP_SIZE 8192
| #define TOPIC_HEAP_SIZE 4096
| #define LINEBUF_HEAP_SIZE 2048
| #define MEMBER_HEAP_SIZE 32768
| #define ND_HEAP_SIZE 512
| #define CONFITEM_HEAP_SIZE 1024
| #define MONITOR_HEAP_SIZE 1024
| #define AUTH_HEAP_SIZE 256
| #define TOPICLEN 300
| #define NICKLEN (50+1)
| #define RATBOX_CONFIGURE_OPTS "'--enable-services' '--with-nicklen=50' '--with-topiclen=300' '--prefix=/usr/local/ircd-ratbox' '--enable-ipv6'"
| #define HAVE_DLFCN_H 1
| /* end confdefs.h.  */
| 
| /* Override any gcc2 internal prototype to avoid an error.  */
| #ifdef __cplusplus
| extern "C"
| #endif
| /* We use char because int might match the return type of a gcc2
|    builtin and then its argument prototype would still apply.  */
| char dlopen ();
| int
| main ()
| {
| dlopen ();
|   ;
|   return 0;
| }
configure:11557: gcc -o conftest    conftest.c -ldl  -lcrypt  >&5
configure:11563: $? = 0
configure:11566: test -z 			 || test ! -s conftest.err
configure:11569: $? = 0
configure:11572: test -s conftest
configure:11575: $? = 0
configure:11590: result: -ldl
configure:11754: checking for dlsym
configure:11811: gcc -o conftest    conftest.c -ldl -lcrypt  >&5
configure:11817: $? = 0
configure:11820: test -z 			 || test ! -s conftest.err
configure:11823: $? = 0
configure:11826: test -s conftest
configure:11829: $? = 0
configure:11841: result: yes
configure:11857: checking for dlfunc
configure:11914: gcc -o conftest    conftest.c -ldl -lcrypt  >&5
/tmp/ccUdx3BD.o: In function `main':
conftest.c:(.text+0xd): undefined reference to `dlfunc'
/tmp/ccUdx3BD.o:(.data+0x0): undefined reference to `dlfunc'
collect2: ld returned 1 exit status
configure:11920: $? = 1
configure: failed program was:
| /* confdefs.h.  */
| 
| #define PACKAGE_NAME "ircd-ratbox"
| #define PACKAGE_TARNAME "ircd-ratbox"
| #define PACKAGE_VERSION "stable"
| #define PACKAGE_STRING "ircd-ratbox stable"
| #define PACKAGE_BUGREPORT ""
| #define _GNU_SOURCE 1
| #define PATH_DEVNULL "/dev/null"
| #define YYTEXT_POINTER 1
| #define STDC_HEADERS 1
| #define HAVE_SYS_TYPES_H 1
| #define HAVE_SYS_STAT_H 1
| #define HAVE_STDLIB_H 1
| #define HAVE_STRING_H 1
| #define HAVE_MEMORY_H 1
| #define HAVE_STRINGS_H 1
| #define HAVE_INTTYPES_H 1
| #define HAVE_STDINT_H 1
| #define HAVE_UNISTD_H 1
| #define HAVE_CRYPT_H 1
| #define HAVE_SYS_RESOURCE_H 1
| #define HAVE_SYS_PARAM_H 1
| #define HAVE_ERRNO_H 1
| #define HAVE_SYS_SYSLOG_H 1
| #define HAVE_STDDEF_H 1
| #define HAVE_SYS_WAIT_H 1
| #define HAVE_WAIT_H 1
| #define HAVE_SYS_EPOLL_H 1
| #define HAVE_SYS_UIO_H 1
| #define IPV6 1
| #define STRING_WITH_STRINGS 1
| #define HAVE_SOCKETPAIR 1
| #define HAVE_VSNPRINTF 1
| #define HAVE_MMAP 1
| #define HAVE_GETTIMEOFDAY 1
| #define HAVE_STRDUP 1
| #define HAVE_STRNDUP 1
| #define HAVE_ALLOCA_H 1
| #define HAVE_ALLOCA 1
| #define HAVE_NANOSLEEP 1
| #define ETC_DIR "/usr/local/ircd-ratbox/etc"
| #define LOG_DIR "/usr/local/ircd-ratbox/logs"
| #define HELP_DIR "/usr/local/ircd-ratbox/help"
| #define MODULE_DIR "/usr/local/ircd-ratbox/modules"
| #define HAVE_SELECT 1
| #define HAVE_POLL 1
| #define HAVE_EPOLL_CTL 1
| #define HAVE_EPOLL 1
| #define SELECT_TYPE "epoll"
| #define NDEBUG 1
| #define ENABLE_SERVICES 1
| #define NICKNAMEHISTORYLENGTH 15000
| #define CHANNEL_HEAP_SIZE 8192
| #define BAN_HEAP_SIZE 4096
| #define CLIENT_HEAP_SIZE 8192
| #define LCLIENT_HEAP_SIZE 1024
| #define USER_HEAP_SIZE 8192
| #define DNODE_HEAP_SIZE 8192
| #define TOPIC_HEAP_SIZE 4096
| #define LINEBUF_HEAP_SIZE 2048
| #define MEMBER_HEAP_SIZE 32768
| #define ND_HEAP_SIZE 512
| #define CONFITEM_HEAP_SIZE 1024
| #define MONITOR_HEAP_SIZE 1024
| #define AUTH_HEAP_SIZE 256
| #define TOPICLEN 300
| #define NICKLEN (50+1)
| #define RATBOX_CONFIGURE_OPTS "'--enable-services' '--with-nicklen=50' '--with-topiclen=300' '--prefix=/usr/local/ircd-ratbox' '--enable-ipv6'"
| #define HAVE_DLFCN_H 1
| #define HAVE_DLOPEN 1
| /* end confdefs.h.  */
| /* Define dlfunc to an innocuous variant, in case <limits.h> declares dlfunc.
|    For example, HP-UX 11i <limits.h> declares gettimeofday.  */
| #define dlfunc innocuous_dlfunc
| 
| /* System header to define __stub macros and hopefully few prototypes,
|     which can conflict with char dlfunc (); below.
|     Prefer <limits.h> to <assert.h> if __STDC__ is defined, since
|     <limits.h> exists even on freestanding compilers.  */
| 
| #ifdef __STDC__
| # include <limits.h>
| #else
| # include <assert.h>
| #endif
| 
| #undef dlfunc
| 
| /* Override any gcc2 internal prototype to avoid an error.  */
| #ifdef __cplusplus
| extern "C"
| {
| #endif
| /* We use char because int might match the return type of a gcc2
|    builtin and then its argument prototype would still apply.  */
| char dlfunc ();
| /* The GNU C library defines this for functions which it implements
|     to always fail with ENOSYS.  Some functions are actually named
|     something starting with __ and the normal name is an alias.  */
| #if defined (__stub_dlfunc) || defined (__stub___dlfunc)
| choke me
| #else
| char (*f) () = dlfunc;
| #endif
| #ifdef __cplusplus
| }
| #endif
| 
| int
| main ()
| {
| return f != dlfunc;
|   ;
|   return 0;
| }
configure:11944: result: no
configure:11976: checking for the ld -export-dynamic flag
configure:11995: gcc -o conftest    -Wl,-export-dynamic -Werror conftest.c -ldl -lcrypt  >&5
configure:12001: $? = 0
configure:12004: test -z 			 || test ! -s conftest.err
configure:12007: $? = 0
configure:12010: test -s conftest
configure:12013: $? = 0
configure:12036: result: yes
configure:12043: checking for compiler option to produce PIC
configure:12082: result: gcc: -fPIC -DPIC -shared
configure:12110: checking for nlist
configure:12167: gcc -o conftest    -Wl,-export-dynamic conftest.c -ldl -lcrypt  >&5
/tmp/ccbWRrnN.o: In function `main':
conftest.c:(.text+0xd): undefined reference to `nlist'
/tmp/ccbWRrnN.o:(.data+0x0): undefined reference to `nlist'
collect2: ld returned 1 exit status
configure:12173: $? = 1
configure: failed program was:
| /* confdefs.h.  */
| 
| #define PACKAGE_NAME "ircd-ratbox"
| #define PACKAGE_TARNAME "ircd-ratbox"
| #define PACKAGE_VERSION "stable"
| #define PACKAGE_STRING "ircd-ratbox stable"
| #define PACKAGE_BUGREPORT ""
| #define _GNU_SOURCE 1
| #define PATH_DEVNULL "/dev/null"
| #define YYTEXT_POINTER 1
| #define STDC_HEADERS 1
| #define HAVE_SYS_TYPES_H 1
| #define HAVE_SYS_STAT_H 1
| #define HAVE_STDLIB_H 1
| #define HAVE_STRING_H 1
| #define HAVE_MEMORY_H 1
| #define HAVE_STRINGS_H 1
| #define HAVE_INTTYPES_H 1
| #define HAVE_STDINT_H 1
| #define HAVE_UNISTD_H 1
| #define HAVE_CRYPT_H 1
| #define HAVE_SYS_RESOURCE_H 1
| #define HAVE_SYS_PARAM_H 1
| #define HAVE_ERRNO_H 1
| #define HAVE_SYS_SYSLOG_H 1
| #define HAVE_STDDEF_H 1
| #define HAVE_SYS_WAIT_H 1
| #define HAVE_WAIT_H 1
| #define HAVE_SYS_EPOLL_H 1
| #define HAVE_SYS_UIO_H 1
| #define IPV6 1
| #define STRING_WITH_STRINGS 1
| #define HAVE_SOCKETPAIR 1
| #define HAVE_VSNPRINTF 1
| #define HAVE_MMAP 1
| #define HAVE_GETTIMEOFDAY 1
| #define HAVE_STRDUP 1
| #define HAVE_STRNDUP 1
| #define HAVE_ALLOCA_H 1
| #define HAVE_ALLOCA 1
| #define HAVE_NANOSLEEP 1
| #define ETC_DIR "/usr/local/ircd-ratbox/etc"
| #define LOG_DIR "/usr/local/ircd-ratbox/logs"
| #define HELP_DIR "/usr/local/ircd-ratbox/help"
| #define MODULE_DIR "/usr/local/ircd-ratbox/modules"
| #define HAVE_SELECT 1
| #define HAVE_POLL 1
| #define HAVE_EPOLL_CTL 1
| #define HAVE_EPOLL 1
| #define SELECT_TYPE "epoll"
| #define NDEBUG 1
| #define ENABLE_SERVICES 1
| #define NICKNAMEHISTORYLENGTH 15000
| #define CHANNEL_HEAP_SIZE 8192
| #define BAN_HEAP_SIZE 4096
| #define CLIENT_HEAP_SIZE 8192
| #define LCLIENT_HEAP_SIZE 1024
| #define USER_HEAP_SIZE 8192
| #define DNODE_HEAP_SIZE 8192
| #define TOPIC_HEAP_SIZE 4096
| #define LINEBUF_HEAP_SIZE 2048
| #define MEMBER_HEAP_SIZE 32768
| #define ND_HEAP_SIZE 512
| #define CONFITEM_HEAP_SIZE 1024
| #define MONITOR_HEAP_SIZE 1024
| #define AUTH_HEAP_SIZE 256
| #define TOPICLEN 300
| #define NICKLEN (50+1)
| #define RATBOX_CONFIGURE_OPTS "'--enable-services' '--with-nicklen=50' '--with-topiclen=300' '--prefix=/usr/local/ircd-ratbox' '--enable-ipv6'"
| #define HAVE_DLFCN_H 1
| #define HAVE_DLOPEN 1
| #define SHARED_SUFFIX ".so"
| /* end confdefs.h.  */
| /* Define nlist to an innocuous variant, in case <limits.h> declares nlist.
|    For example, HP-UX 11i <limits.h> declares gettimeofday.  */
| #define nlist innocuous_nlist
| 
| /* System header to define __stub macros and hopefully few prototypes,
|     which can conflict with char nlist (); below.
|     Prefer <limits.h> to <assert.h> if __STDC__ is defined, since
|     <limits.h> exists even on freestanding compilers.  */
| 
| #ifdef __STDC__
| # include <limits.h>
| #else
| # include <assert.h>
| #endif
| 
| #undef nlist
| 
| /* Override any gcc2 internal prototype to avoid an error.  */
| #ifdef __cplusplus
| extern "C"
| {
| #endif
| /* We use char because int might match the return type of a gcc2
|    builtin and then its argument prototype would still apply.  */
| char nlist ();
| /* The GNU C library defines this for functions which it implements
|     to always fail with ENOSYS.  Some functions are actually named
|     something starting with __ and the normal name is an alias.  */
| #if defined (__stub_nlist) || defined (__stub___nlist)
| choke me
| #else
| char (*f) () = nlist;
| #endif
| #ifdef __cplusplus
| }
| #endif
| 
| int
| main ()
| {
| return f != nlist;
|   ;
|   return 0;
| }
configure:12197: result: no
configure:12202: checking for nlist in -ldl
configure:12232: gcc -o conftest    -Wl,-export-dynamic conftest.c -ldl  -ldl -lcrypt  >&5
/tmp/ccRsZ3YR.o: In function `main':
conftest.c:(.text+0xa): undefined reference to `nlist'
collect2: ld returned 1 exit status
configure:12238: $? = 1
configure: failed program was:
| /* confdefs.h.  */
| 
| #define PACKAGE_NAME "ircd-ratbox"
| #define PACKAGE_TARNAME "ircd-ratbox"
| #define PACKAGE_VERSION "stable"
| #define PACKAGE_STRING "ircd-ratbox stable"
| #define PACKAGE_BUGREPORT ""
| #define _GNU_SOURCE 1
| #define PATH_DEVNULL "/dev/null"
| #define YYTEXT_POINTER 1
| #define STDC_HEADERS 1
| #define HAVE_SYS_TYPES_H 1
| #define HAVE_SYS_STAT_H 1
| #define HAVE_STDLIB_H 1
| #define HAVE_STRING_H 1
| #define HAVE_MEMORY_H 1
| #define HAVE_STRINGS_H 1
| #define HAVE_INTTYPES_H 1
| #define HAVE_STDINT_H 1
| #define HAVE_UNISTD_H 1
| #define HAVE_CRYPT_H 1
| #define HAVE_SYS_RESOURCE_H 1
| #define HAVE_SYS_PARAM_H 1
| #define HAVE_ERRNO_H 1
| #define HAVE_SYS_SYSLOG_H 1
| #define HAVE_STDDEF_H 1
| #define HAVE_SYS_WAIT_H 1
| #define HAVE_WAIT_H 1
| #define HAVE_SYS_EPOLL_H 1
| #define HAVE_SYS_UIO_H 1
| #define IPV6 1
| #define STRING_WITH_STRINGS 1
| #define HAVE_SOCKETPAIR 1
| #define HAVE_VSNPRINTF 1
| #define HAVE_MMAP 1
| #define HAVE_GETTIMEOFDAY 1
| #define HAVE_STRDUP 1
| #define HAVE_STRNDUP 1
| #define HAVE_ALLOCA_H 1
| #define HAVE_ALLOCA 1
| #define HAVE_NANOSLEEP 1
| #define ETC_DIR "/usr/local/ircd-ratbox/etc"
| #define LOG_DIR "/usr/local/ircd-ratbox/logs"
| #define HELP_DIR "/usr/local/ircd-ratbox/help"
| #define MODULE_DIR "/usr/local/ircd-ratbox/modules"
| #define HAVE_SELECT 1
| #define HAVE_POLL 1
| #define HAVE_EPOLL_CTL 1
| #define HAVE_EPOLL 1
| #define SELECT_TYPE "epoll"
| #define NDEBUG 1
| #define ENABLE_SERVICES 1
| #define NICKNAMEHISTORYLENGTH 15000
| #define CHANNEL_HEAP_SIZE 8192
| #define BAN_HEAP_SIZE 4096
| #define CLIENT_HEAP_SIZE 8192
| #define LCLIENT_HEAP_SIZE 1024
| #define USER_HEAP_SIZE 8192
| #define DNODE_HEAP_SIZE 8192
| #define TOPIC_HEAP_SIZE 4096
| #define LINEBUF_HEAP_SIZE 2048
| #define MEMBER_HEAP_SIZE 32768
| #define ND_HEAP_SIZE 512
| #define CONFITEM_HEAP_SIZE 1024
| #define MONITOR_HEAP_SIZE 1024
| #define AUTH_HEAP_SIZE 256
| #define TOPICLEN 300
| #define NICKLEN (50+1)
| #define RATBOX_CONFIGURE_OPTS "'--enable-services' '--with-nicklen=50' '--with-topiclen=300' '--prefix=/usr/local/ircd-ratbox' '--enable-ipv6'"
| #define HAVE_DLFCN_H 1
| #define HAVE_DLOPEN 1
| #define SHARED_SUFFIX ".so"
| /* end confdefs.h.  */
| 
| /* Override any gcc2 internal prototype to avoid an error.  */
| #ifdef __cplusplus
| extern "C"
| #endif
| /* We use char because int might match the return type of a gcc2
|    builtin and then its argument prototype would still apply.  */
| char nlist ();
| int
| main ()
| {
| nlist ();
|   ;
|   return 0;
| }
configure:12263: result: no
configure:12268: checking for nlist in -lelf
configure:12298: gcc -o conftest    -Wl,-export-dynamic conftest.c -lelf  -ldl -lcrypt  >&5
/usr/bin/ld: cannot find -lelf
collect2: ld returned 1 exit status
configure:12304: $? = 1
configure: failed program was:
| /* confdefs.h.  */
| 
| #define PACKAGE_NAME "ircd-ratbox"
| #define PACKAGE_TARNAME "ircd-ratbox"
| #define PACKAGE_VERSION "stable"
| #define PACKAGE_STRING "ircd-ratbox stable"
| #define PACKAGE_BUGREPORT ""
| #define _GNU_SOURCE 1
| #define PATH_DEVNULL "/dev/null"
| #define YYTEXT_POINTER 1
| #define STDC_HEADERS 1
| #define HAVE_SYS_TYPES_H 1
| #define HAVE_SYS_STAT_H 1
| #define HAVE_STDLIB_H 1
| #define HAVE_STRING_H 1
| #define HAVE_MEMORY_H 1
| #define HAVE_STRINGS_H 1
| #define HAVE_INTTYPES_H 1
| #define HAVE_STDINT_H 1
| #define HAVE_UNISTD_H 1
| #define HAVE_CRYPT_H 1
| #define HAVE_SYS_RESOURCE_H 1
| #define HAVE_SYS_PARAM_H 1
| #define HAVE_ERRNO_H 1
| #define HAVE_SYS_SYSLOG_H 1
| #define HAVE_STDDEF_H 1
| #define HAVE_SYS_WAIT_H 1
| #define HAVE_WAIT_H 1
| #define HAVE_SYS_EPOLL_H 1
| #define HAVE_SYS_UIO_H 1
| #define IPV6 1
| #define STRING_WITH_STRINGS 1
| #define HAVE_SOCKETPAIR 1
| #define HAVE_VSNPRINTF 1
| #define HAVE_MMAP 1
| #define HAVE_GETTIMEOFDAY 1
| #define HAVE_STRDUP 1
| #define HAVE_STRNDUP 1
| #define HAVE_ALLOCA_H 1
| #define HAVE_ALLOCA 1
| #define HAVE_NANOSLEEP 1
| #define ETC_DIR "/usr/local/ircd-ratbox/etc"
| #define LOG_DIR "/usr/local/ircd-ratbox/logs"
| #define HELP_DIR "/usr/local/ircd-ratbox/help"
| #define MODULE_DIR "/usr/local/ircd-ratbox/modules"
| #define HAVE_SELECT 1
| #define HAVE_POLL 1
| #define HAVE_EPOLL_CTL 1
| #define HAVE_EPOLL 1
| #define SELECT_TYPE "epoll"
| #define NDEBUG 1
| #define ENABLE_SERVICES 1
| #define NICKNAMEHISTORYLENGTH 15000
| #define CHANNEL_HEAP_SIZE 8192
| #define BAN_HEAP_SIZE 4096
| #define CLIENT_HEAP_SIZE 8192
| #define LCLIENT_HEAP_SIZE 1024
| #define USER_HEAP_SIZE 8192
| #define DNODE_HEAP_SIZE 8192
| #define TOPIC_HEAP_SIZE 4096
| #define LINEBUF_HEAP_SIZE 2048
| #define MEMBER_HEAP_SIZE 32768
| #define ND_HEAP_SIZE 512
| #define CONFITEM_HEAP_SIZE 1024
| #define MONITOR_HEAP_SIZE 1024
| #define AUTH_HEAP_SIZE 256
| #define TOPICLEN 300
| #define NICKLEN (50+1)
| #define RATBOX_CONFIGURE_OPTS "'--enable-services' '--with-nicklen=50' '--with-topiclen=300' '--prefix=/usr/local/ircd-ratbox' '--enable-ipv6'"
| #define HAVE_DLFCN_H 1
| #define HAVE_DLOPEN 1
| #define SHARED_SUFFIX ".so"
| /* end confdefs.h.  */
| 
| /* Override any gcc2 internal prototype to avoid an error.  */
| #ifdef __cplusplus
| extern "C"
| #endif
| /* We use char because int might match the return type of a gcc2
|    builtin and then its argument prototype would still apply.  */
| char nlist ();
| int
| main ()
| {
| nlist ();
|   ;
|   return 0;
| }
configure:12329: result: no
configure:12352: checking libelf/nlist.h usability
configure:12364: gcc -c   conftest.c >&5
conftest.c:108:26: error: libelf/nlist.h: No such file or directory
configure:12370: $? = 1
configure: failed program was:
| /* confdefs.h.  */
| 
| #define PACKAGE_NAME "ircd-ratbox"
| #define PACKAGE_TARNAME "ircd-ratbox"
| #define PACKAGE_VERSION "stable"
| #define PACKAGE_STRING "ircd-ratbox stable"
| #define PACKAGE_BUGREPORT ""
| #define _GNU_SOURCE 1
| #define PATH_DEVNULL "/dev/null"
| #define YYTEXT_POINTER 1
| #define STDC_HEADERS 1
| #define HAVE_SYS_TYPES_H 1
| #define HAVE_SYS_STAT_H 1
| #define HAVE_STDLIB_H 1
| #define HAVE_STRING_H 1
| #define HAVE_MEMORY_H 1
| #define HAVE_STRINGS_H 1
| #define HAVE_INTTYPES_H 1
| #define HAVE_STDINT_H 1
| #define HAVE_UNISTD_H 1
| #define HAVE_CRYPT_H 1
| #define HAVE_SYS_RESOURCE_H 1
| #define HAVE_SYS_PARAM_H 1
| #define HAVE_ERRNO_H 1
| #define HAVE_SYS_SYSLOG_H 1
| #define HAVE_STDDEF_H 1
| #define HAVE_SYS_WAIT_H 1
| #define HAVE_WAIT_H 1
| #define HAVE_SYS_EPOLL_H 1
| #define HAVE_SYS_UIO_H 1
| #define IPV6 1
| #define STRING_WITH_STRINGS 1
| #define HAVE_SOCKETPAIR 1
| #define HAVE_VSNPRINTF 1
| #define HAVE_MMAP 1
| #define HAVE_GETTIMEOFDAY 1
| #define HAVE_STRDUP 1
| #define HAVE_STRNDUP 1
| #define HAVE_ALLOCA_H 1
| #define HAVE_ALLOCA 1
| #define HAVE_NANOSLEEP 1
| #define ETC_DIR "/usr/local/ircd-ratbox/etc"
| #define LOG_DIR "/usr/local/ircd-ratbox/logs"
| #define HELP_DIR "/usr/local/ircd-ratbox/help"
| #define MODULE_DIR "/usr/local/ircd-ratbox/modules"
| #define HAVE_SELECT 1
| #define HAVE_POLL 1
| #define HAVE_EPOLL_CTL 1
| #define HAVE_EPOLL 1
| #define SELECT_TYPE "epoll"
| #define NDEBUG 1
| #define ENABLE_SERVICES 1
| #define NICKNAMEHISTORYLENGTH 15000
| #define CHANNEL_HEAP_SIZE 8192
| #define BAN_HEAP_SIZE 4096
| #define CLIENT_HEAP_SIZE 8192
| #define LCLIENT_HEAP_SIZE 1024
| #define USER_HEAP_SIZE 8192
| #define DNODE_HEAP_SIZE 8192
| #define TOPIC_HEAP_SIZE 4096
| #define LINEBUF_HEAP_SIZE 2048
| #define MEMBER_HEAP_SIZE 32768
| #define ND_HEAP_SIZE 512
| #define CONFITEM_HEAP_SIZE 1024
| #define MONITOR_HEAP_SIZE 1024
| #define AUTH_HEAP_SIZE 256
| #define TOPICLEN 300
| #define NICKLEN (50+1)
| #define RATBOX_CONFIGURE_OPTS "'--enable-services' '--with-nicklen=50' '--with-topiclen=300' '--prefix=/usr/local/ircd-ratbox' '--enable-ipv6'"
| #define HAVE_DLFCN_H 1
| #define HAVE_DLOPEN 1
| #define SHARED_SUFFIX ".so"
| /* end confdefs.h.  */
| #include <stdio.h>
| #if HAVE_SYS_TYPES_H
| # include <sys/types.h>
| #endif
| #if HAVE_SYS_STAT_H
| # include <sys/stat.h>
| #endif
| #if STDC_HEADERS
| # include <stdlib.h>
| # include <stddef.h>
| #else
| # if HAVE_STDLIB_H
| #  include <stdlib.h>
| # endif
| #endif
| #if HAVE_STRING_H
| # if !STDC_HEADERS && HAVE_MEMORY_H
| #  include <memory.h>
| # endif
| # include <string.h>
| #endif
| #if HAVE_STRINGS_H
| # include <strings.h>
| #endif
| #if HAVE_INTTYPES_H
| # include <inttypes.h>
| #else
| # if HAVE_STDINT_H
| #  include <stdint.h>
| # endif
| #endif
| #if HAVE_UNISTD_H
| # include <unistd.h>
| #endif
| #include <libelf/nlist.h>
configure:12392: result: no
configure:12396: checking libelf/nlist.h presence
configure:12406: gcc -E  conftest.c
conftest.c:74:26: error: libelf/nlist.h: No such file or directory
configure:12412: $? = 1
configure: failed program was:
| /* confdefs.h.  */
| 
| #define PACKAGE_NAME "ircd-ratbox"
| #define PACKAGE_TARNAME "ircd-ratbox"
| #define PACKAGE_VERSION "stable"
| #define PACKAGE_STRING "ircd-ratbox stable"
| #define PACKAGE_BUGREPORT ""
| #define _GNU_SOURCE 1
| #define PATH_DEVNULL "/dev/null"
| #define YYTEXT_POINTER 1
| #define STDC_HEADERS 1
| #define HAVE_SYS_TYPES_H 1
| #define HAVE_SYS_STAT_H 1
| #define HAVE_STDLIB_H 1
| #define HAVE_STRING_H 1
| #define HAVE_MEMORY_H 1
| #define HAVE_STRINGS_H 1
| #define HAVE_INTTYPES_H 1
| #define HAVE_STDINT_H 1
| #define HAVE_UNISTD_H 1
| #define HAVE_CRYPT_H 1
| #define HAVE_SYS_RESOURCE_H 1
| #define HAVE_SYS_PARAM_H 1
| #define HAVE_ERRNO_H 1
| #define HAVE_SYS_SYSLOG_H 1
| #define HAVE_STDDEF_H 1
| #define HAVE_SYS_WAIT_H 1
| #define HAVE_WAIT_H 1
| #define HAVE_SYS_EPOLL_H 1
| #define HAVE_SYS_UIO_H 1
| #define IPV6 1
| #define STRING_WITH_STRINGS 1
| #define HAVE_SOCKETPAIR 1
| #define HAVE_VSNPRINTF 1
| #define HAVE_MMAP 1
| #define HAVE_GETTIMEOFDAY 1
| #define HAVE_STRDUP 1
| #define HAVE_STRNDUP 1
| #define HAVE_ALLOCA_H 1
| #define HAVE_ALLOCA 1
| #define HAVE_NANOSLEEP 1
| #define ETC_DIR "/usr/local/ircd-ratbox/etc"
| #define LOG_DIR "/usr/local/ircd-ratbox/logs"
| #define HELP_DIR "/usr/local/ircd-ratbox/help"
| #define MODULE_DIR "/usr/local/ircd-ratbox/modules"
| #define HAVE_SELECT 1
| #define HAVE_POLL 1
| #define HAVE_EPOLL_CTL 1
| #define HAVE_EPOLL 1
| #define SELECT_TYPE "epoll"
| #define NDEBUG 1
| #define ENABLE_SERVICES 1
| #define NICKNAMEHISTORYLENGTH 15000
| #define CHANNEL_HEAP_SIZE 8192
| #define BAN_HEAP_SIZE 4096
| #define CLIENT_HEAP_SIZE 8192
| #define LCLIENT_HEAP_SIZE 1024
| #define USER_HEAP_SIZE 8192
| #define DNODE_HEAP_SIZE 8192
| #define TOPIC_HEAP_SIZE 4096
| #define LINEBUF_HEAP_SIZE 2048
| #define MEMBER_HEAP_SIZE 32768
| #define ND_HEAP_SIZE 512
| #define CONFITEM_HEAP_SIZE 1024
| #define MONITOR_HEAP_SIZE 1024
| #define AUTH_HEAP_SIZE 256
| #define TOPICLEN 300
| #define NICKLEN (50+1)
| #define RATBOX_CONFIGURE_OPTS "'--enable-services' '--with-nicklen=50' '--with-topiclen=300' '--prefix=/usr/local/ircd-ratbox' '--enable-ipv6'"
| #define HAVE_DLFCN_H 1
| #define HAVE_DLOPEN 1
| #define SHARED_SUFFIX ".so"
| /* end confdefs.h.  */
| #include <libelf/nlist.h>
configure:12432: result: no
configure:12467: checking for libelf/nlist.h
configure:12474: result: no
configure:12493: checking elf/nlist.h usability
configure:12505: gcc -c   conftest.c >&5
conftest.c:108:23: error: elf/nlist.h: No such file or directory
configure:12511: $? = 1
configure: failed program was:
| /* confdefs.h.  */
| 
| #define PACKAGE_NAME "ircd-ratbox"
| #define PACKAGE_TARNAME "ircd-ratbox"
| #define PACKAGE_VERSION "stable"
| #define PACKAGE_STRING "ircd-ratbox stable"
| #define PACKAGE_BUGREPORT ""
| #define _GNU_SOURCE 1
| #define PATH_DEVNULL "/dev/null"
| #define YYTEXT_POINTER 1
| #define STDC_HEADERS 1
| #define HAVE_SYS_TYPES_H 1
| #define HAVE_SYS_STAT_H 1
| #define HAVE_STDLIB_H 1
| #define HAVE_STRING_H 1
| #define HAVE_MEMORY_H 1
| #define HAVE_STRINGS_H 1
| #define HAVE_INTTYPES_H 1
| #define HAVE_STDINT_H 1
| #define HAVE_UNISTD_H 1
| #define HAVE_CRYPT_H 1
| #define HAVE_SYS_RESOURCE_H 1
| #define HAVE_SYS_PARAM_H 1
| #define HAVE_ERRNO_H 1
| #define HAVE_SYS_SYSLOG_H 1
| #define HAVE_STDDEF_H 1
| #define HAVE_SYS_WAIT_H 1
| #define HAVE_WAIT_H 1
| #define HAVE_SYS_EPOLL_H 1
| #define HAVE_SYS_UIO_H 1
| #define IPV6 1
| #define STRING_WITH_STRINGS 1
| #define HAVE_SOCKETPAIR 1
| #define HAVE_VSNPRINTF 1
| #define HAVE_MMAP 1
| #define HAVE_GETTIMEOFDAY 1
| #define HAVE_STRDUP 1
| #define HAVE_STRNDUP 1
| #define HAVE_ALLOCA_H 1
| #define HAVE_ALLOCA 1
| #define HAVE_NANOSLEEP 1
| #define ETC_DIR "/usr/local/ircd-ratbox/etc"
| #define LOG_DIR "/usr/local/ircd-ratbox/logs"
| #define HELP_DIR "/usr/local/ircd-ratbox/help"
| #define MODULE_DIR "/usr/local/ircd-ratbox/modules"
| #define HAVE_SELECT 1
| #define HAVE_POLL 1
| #define HAVE_EPOLL_CTL 1
| #define HAVE_EPOLL 1
| #define SELECT_TYPE "epoll"
| #define NDEBUG 1
| #define ENABLE_SERVICES 1
| #define NICKNAMEHISTORYLENGTH 15000
| #define CHANNEL_HEAP_SIZE 8192
| #define BAN_HEAP_SIZE 4096
| #define CLIENT_HEAP_SIZE 8192
| #define LCLIENT_HEAP_SIZE 1024
| #define USER_HEAP_SIZE 8192
| #define DNODE_HEAP_SIZE 8192
| #define TOPIC_HEAP_SIZE 4096
| #define LINEBUF_HEAP_SIZE 2048
| #define MEMBER_HEAP_SIZE 32768
| #define ND_HEAP_SIZE 512
| #define CONFITEM_HEAP_SIZE 1024
| #define MONITOR_HEAP_SIZE 1024
| #define AUTH_HEAP_SIZE 256
| #define TOPICLEN 300
| #define NICKLEN (50+1)
| #define RATBOX_CONFIGURE_OPTS "'--enable-services' '--with-nicklen=50' '--with-topiclen=300' '--prefix=/usr/local/ircd-ratbox' '--enable-ipv6'"
| #define HAVE_DLFCN_H 1
| #define HAVE_DLOPEN 1
| #define SHARED_SUFFIX ".so"
| /* end confdefs.h.  */
| #include <stdio.h>
| #if HAVE_SYS_TYPES_H
| # include <sys/types.h>
| #endif
| #if HAVE_SYS_STAT_H
| # include <sys/stat.h>
| #endif
| #if STDC_HEADERS
| # include <stdlib.h>
| # include <stddef.h>
| #else
| # if HAVE_STDLIB_H
| #  include <stdlib.h>
| # endif
| #endif
| #if HAVE_STRING_H
| # if !STDC_HEADERS && HAVE_MEMORY_H
| #  include <memory.h>
| # endif
| # include <string.h>
| #endif
| #if HAVE_STRINGS_H
| # include <strings.h>
| #endif
| #if HAVE_INTTYPES_H
| # include <inttypes.h>
| #else
| # if HAVE_STDINT_H
| #  include <stdint.h>
| # endif
| #endif
| #if HAVE_UNISTD_H
| # include <unistd.h>
| #endif
| #include <elf/nlist.h>
configure:12533: result: no
configure:12537: checking elf/nlist.h presence
configure:12547: gcc -E  conftest.c
conftest.c:74:23: error: elf/nlist.h: No such file or directory
configure:12553: $? = 1
configure: failed program was:
| /* confdefs.h.  */
| 
| #define PACKAGE_NAME "ircd-ratbox"
| #define PACKAGE_TARNAME "ircd-ratbox"
| #define PACKAGE_VERSION "stable"
| #define PACKAGE_STRING "ircd-ratbox stable"
| #define PACKAGE_BUGREPORT ""
| #define _GNU_SOURCE 1
| #define PATH_DEVNULL "/dev/null"
| #define YYTEXT_POINTER 1
| #define STDC_HEADERS 1
| #define HAVE_SYS_TYPES_H 1
| #define HAVE_SYS_STAT_H 1
| #define HAVE_STDLIB_H 1
| #define HAVE_STRING_H 1
| #define HAVE_MEMORY_H 1
| #define HAVE_STRINGS_H 1
| #define HAVE_INTTYPES_H 1
| #define HAVE_STDINT_H 1
| #define HAVE_UNISTD_H 1
| #define HAVE_CRYPT_H 1
| #define HAVE_SYS_RESOURCE_H 1
| #define HAVE_SYS_PARAM_H 1
| #define HAVE_ERRNO_H 1
| #define HAVE_SYS_SYSLOG_H 1
| #define HAVE_STDDEF_H 1
| #define HAVE_SYS_WAIT_H 1
| #define HAVE_WAIT_H 1
| #define HAVE_SYS_EPOLL_H 1
| #define HAVE_SYS_UIO_H 1
| #define IPV6 1
| #define STRING_WITH_STRINGS 1
| #define HAVE_SOCKETPAIR 1
| #define HAVE_VSNPRINTF 1
| #define HAVE_MMAP 1
| #define HAVE_GETTIMEOFDAY 1
| #define HAVE_STRDUP 1
| #define HAVE_STRNDUP 1
| #define HAVE_ALLOCA_H 1
| #define HAVE_ALLOCA 1
| #define HAVE_NANOSLEEP 1
| #define ETC_DIR "/usr/local/ircd-ratbox/etc"
| #define LOG_DIR "/usr/local/ircd-ratbox/logs"
| #define HELP_DIR "/usr/local/ircd-ratbox/help"
| #define MODULE_DIR "/usr/local/ircd-ratbox/modules"
| #define HAVE_SELECT 1
| #define HAVE_POLL 1
| #define HAVE_EPOLL_CTL 1
| #define HAVE_EPOLL 1
| #define SELECT_TYPE "epoll"
| #define NDEBUG 1
| #define ENABLE_SERVICES 1
| #define NICKNAMEHISTORYLENGTH 15000
| #define CHANNEL_HEAP_SIZE 8192
| #define BAN_HEAP_SIZE 4096
| #define CLIENT_HEAP_SIZE 8192
| #define LCLIENT_HEAP_SIZE 1024
| #define USER_HEAP_SIZE 8192
| #define DNODE_HEAP_SIZE 8192
| #define TOPIC_HEAP_SIZE 4096
| #define LINEBUF_HEAP_SIZE 2048
| #define MEMBER_HEAP_SIZE 32768
| #define ND_HEAP_SIZE 512
| #define CONFITEM_HEAP_SIZE 1024
| #define MONITOR_HEAP_SIZE 1024
| #define AUTH_HEAP_SIZE 256
| #define TOPICLEN 300
| #define NICKLEN (50+1)
| #define RATBOX_CONFIGURE_OPTS "'--enable-services' '--with-nicklen=50' '--with-topiclen=300' '--prefix=/usr/local/ircd-ratbox' '--enable-ipv6'"
| #define HAVE_DLFCN_H 1
| #define HAVE_DLOPEN 1
| #define SHARED_SUFFIX ".so"
| /* end confdefs.h.  */
| #include <elf/nlist.h>
configure:12573: result: no
configure:12608: checking for elf/nlist.h
configure:12615: result: no
configure:12634: checking nlist.h usability
configure:12646: gcc -c   conftest.c >&5
conftest.c:108:19: error: nlist.h: No such file or directory
configure:12652: $? = 1
configure: failed program was:
| /* confdefs.h.  */
| 
| #define PACKAGE_NAME "ircd-ratbox"
| #define PACKAGE_TARNAME "ircd-ratbox"
| #define PACKAGE_VERSION "stable"
| #define PACKAGE_STRING "ircd-ratbox stable"
| #define PACKAGE_BUGREPORT ""
| #define _GNU_SOURCE 1
| #define PATH_DEVNULL "/dev/null"
| #define YYTEXT_POINTER 1
| #define STDC_HEADERS 1
| #define HAVE_SYS_TYPES_H 1
| #define HAVE_SYS_STAT_H 1
| #define HAVE_STDLIB_H 1
| #define HAVE_STRING_H 1
| #define HAVE_MEMORY_H 1
| #define HAVE_STRINGS_H 1
| #define HAVE_INTTYPES_H 1
| #define HAVE_STDINT_H 1
| #define HAVE_UNISTD_H 1
| #define HAVE_CRYPT_H 1
| #define HAVE_SYS_RESOURCE_H 1
| #define HAVE_SYS_PARAM_H 1
| #define HAVE_ERRNO_H 1
| #define HAVE_SYS_SYSLOG_H 1
| #define HAVE_STDDEF_H 1
| #define HAVE_SYS_WAIT_H 1
| #define HAVE_WAIT_H 1
| #define HAVE_SYS_EPOLL_H 1
| #define HAVE_SYS_UIO_H 1
| #define IPV6 1
| #define STRING_WITH_STRINGS 1
| #define HAVE_SOCKETPAIR 1
| #define HAVE_VSNPRINTF 1
| #define HAVE_MMAP 1
| #define HAVE_GETTIMEOFDAY 1
| #define HAVE_STRDUP 1
| #define HAVE_STRNDUP 1
| #define HAVE_ALLOCA_H 1
| #define HAVE_ALLOCA 1
| #define HAVE_NANOSLEEP 1
| #define ETC_DIR "/usr/local/ircd-ratbox/etc"
| #define LOG_DIR "/usr/local/ircd-ratbox/logs"
| #define HELP_DIR "/usr/local/ircd-ratbox/help"
| #define MODULE_DIR "/usr/local/ircd-ratbox/modules"
| #define HAVE_SELECT 1
| #define HAVE_POLL 1
| #define HAVE_EPOLL_CTL 1
| #define HAVE_EPOLL 1
| #define SELECT_TYPE "epoll"
| #define NDEBUG 1
| #define ENABLE_SERVICES 1
| #define NICKNAMEHISTORYLENGTH 15000
| #define CHANNEL_HEAP_SIZE 8192
| #define BAN_HEAP_SIZE 4096
| #define CLIENT_HEAP_SIZE 8192
| #define LCLIENT_HEAP_SIZE 1024
| #define USER_HEAP_SIZE 8192
| #define DNODE_HEAP_SIZE 8192
| #define TOPIC_HEAP_SIZE 4096
| #define LINEBUF_HEAP_SIZE 2048
| #define MEMBER_HEAP_SIZE 32768
| #define ND_HEAP_SIZE 512
| #define CONFITEM_HEAP_SIZE 1024
| #define MONITOR_HEAP_SIZE 1024
| #define AUTH_HEAP_SIZE 256
| #define TOPICLEN 300
| #define NICKLEN (50+1)
| #define RATBOX_CONFIGURE_OPTS "'--enable-services' '--with-nicklen=50' '--with-topiclen=300' '--prefix=/usr/local/ircd-ratbox' '--enable-ipv6'"
| #define HAVE_DLFCN_H 1
| #define HAVE_DLOPEN 1
| #define SHARED_SUFFIX ".so"
| /* end confdefs.h.  */
| #include <stdio.h>
| #if HAVE_SYS_TYPES_H
| # include <sys/types.h>
| #endif
| #if HAVE_SYS_STAT_H
| # include <sys/stat.h>
| #endif
| #if STDC_HEADERS
| # include <stdlib.h>
| # include <stddef.h>
| #else
| # if HAVE_STDLIB_H
| #  include <stdlib.h>
| # endif
| #endif
| #if HAVE_STRING_H
| # if !STDC_HEADERS && HAVE_MEMORY_H
| #  include <memory.h>
| # endif
| # include <string.h>
| #endif
| #if HAVE_STRINGS_H
| # include <strings.h>
| #endif
| #if HAVE_INTTYPES_H
| # include <inttypes.h>
| #else
| # if HAVE_STDINT_H
| #  include <stdint.h>
| # endif
| #endif
| #if HAVE_UNISTD_H
| # include <unistd.h>
| #endif
| #include <nlist.h>
configure:12674: result: no
configure:12678: checking nlist.h presence
configure:12688: gcc -E  conftest.c
conftest.c:74:19: error: nlist.h: No such file or directory
configure:12694: $? = 1
configure: failed program was:
| /* confdefs.h.  */
| 
| #define PACKAGE_NAME "ircd-ratbox"
| #define PACKAGE_TARNAME "ircd-ratbox"
| #define PACKAGE_VERSION "stable"
| #define PACKAGE_STRING "ircd-ratbox stable"
| #define PACKAGE_BUGREPORT ""
| #define _GNU_SOURCE 1
| #define PATH_DEVNULL "/dev/null"
| #define YYTEXT_POINTER 1
| #define STDC_HEADERS 1
| #define HAVE_SYS_TYPES_H 1
| #define HAVE_SYS_STAT_H 1
| #define HAVE_STDLIB_H 1
| #define HAVE_STRING_H 1
| #define HAVE_MEMORY_H 1
| #define HAVE_STRINGS_H 1
| #define HAVE_INTTYPES_H 1
| #define HAVE_STDINT_H 1
| #define HAVE_UNISTD_H 1
| #define HAVE_CRYPT_H 1
| #define HAVE_SYS_RESOURCE_H 1
| #define HAVE_SYS_PARAM_H 1
| #define HAVE_ERRNO_H 1
| #define HAVE_SYS_SYSLOG_H 1
| #define HAVE_STDDEF_H 1
| #define HAVE_SYS_WAIT_H 1
| #define HAVE_WAIT_H 1
| #define HAVE_SYS_EPOLL_H 1
| #define HAVE_SYS_UIO_H 1
| #define IPV6 1
| #define STRING_WITH_STRINGS 1
| #define HAVE_SOCKETPAIR 1
| #define HAVE_VSNPRINTF 1
| #define HAVE_MMAP 1
| #define HAVE_GETTIMEOFDAY 1
| #define HAVE_STRDUP 1
| #define HAVE_STRNDUP 1
| #define HAVE_ALLOCA_H 1
| #define HAVE_ALLOCA 1
| #define HAVE_NANOSLEEP 1
| #define ETC_DIR "/usr/local/ircd-ratbox/etc"
| #define LOG_DIR "/usr/local/ircd-ratbox/logs"
| #define HELP_DIR "/usr/local/ircd-ratbox/help"
| #define MODULE_DIR "/usr/local/ircd-ratbox/modules"
| #define HAVE_SELECT 1
| #define HAVE_POLL 1
| #define HAVE_EPOLL_CTL 1
| #define HAVE_EPOLL 1
| #define SELECT_TYPE "epoll"
| #define NDEBUG 1
| #define ENABLE_SERVICES 1
| #define NICKNAMEHISTORYLENGTH 15000
| #define CHANNEL_HEAP_SIZE 8192
| #define BAN_HEAP_SIZE 4096
| #define CLIENT_HEAP_SIZE 8192
| #define LCLIENT_HEAP_SIZE 1024
| #define USER_HEAP_SIZE 8192
| #define DNODE_HEAP_SIZE 8192
| #define TOPIC_HEAP_SIZE 4096
| #define LINEBUF_HEAP_SIZE 2048
| #define MEMBER_HEAP_SIZE 32768
| #define ND_HEAP_SIZE 512
| #define CONFITEM_HEAP_SIZE 1024
| #define MONITOR_HEAP_SIZE 1024
| #define AUTH_HEAP_SIZE 256
| #define TOPICLEN 300
| #define NICKLEN (50+1)
| #define RATBOX_CONFIGURE_OPTS "'--enable-services' '--with-nicklen=50' '--with-topiclen=300' '--prefix=/usr/local/ircd-ratbox' '--enable-ipv6'"
| #define HAVE_DLFCN_H 1
| #define HAVE_DLOPEN 1
| #define SHARED_SUFFIX ".so"
| /* end confdefs.h.  */
| #include <nlist.h>
configure:12714: result: no
configure:12749: checking for nlist.h
configure:12756: result: no
configure:12954: creating ./config.status

## ---------------------- ##
## Running config.status. ##
## ---------------------- ##

This file was extended by ircd-ratbox config.status stable, which was
generated by GNU Autoconf 2.59.  Invocation command line was

  CONFIG_FILES    = 
  CONFIG_HEADERS  = 
  CONFIG_LINKS    = 
  CONFIG_COMMANDS = 
  $ ./config.status 

on ekrem

config.status:764: creating Makefile
config.status:764: creating adns/Makefile
config.status:764: creating servlink/Makefile
config.status:764: creating contrib/Makefile
config.status:764: creating src/Makefile
config.status:764: creating modules/Makefile
config.status:764: creating tools/Makefile
config.status:764: creating doc/Makefile
config.status:764: creating help/Makefile
config.status:830: creating include/setup.h
config.status:1222: executing include/_stdint.h commands
config.status:1226: creating include/_stdint.h : __INCLUDE__STDINT_H

## ---------------- ##
## Cache variables. ##
## ---------------- ##

ac_cv_c_bigendian=no
ac_cv_c_compiler_gnu=yes
ac_cv_c_inline=inline
ac_cv_env_CC_set=
ac_cv_env_CC_value=
ac_cv_env_CFLAGS_set=
ac_cv_env_CFLAGS_value=
ac_cv_env_CPPFLAGS_set=
ac_cv_env_CPPFLAGS_value=
ac_cv_env_CPP_set=
ac_cv_env_CPP_value=
ac_cv_env_LDFLAGS_set=
ac_cv_env_LDFLAGS_value=
ac_cv_env_build_alias_set=
ac_cv_env_build_alias_value=
ac_cv_env_host_alias_set=
ac_cv_env_host_alias_value=
ac_cv_env_target_alias_set=
ac_cv_env_target_alias_value=
ac_cv_exeext=
ac_cv_func_alloca_works=yes
ac_cv_func_dlfunc=no
ac_cv_func_dlsym=yes
ac_cv_func_epoll_ctl=yes
ac_cv_func_gettimeofday=yes
ac_cv_func_kevent=no
ac_cv_func_mmap=yes
ac_cv_func_nanosleep=yes
ac_cv_func_nlist=no
ac_cv_func_poll=yes
ac_cv_func_select=yes
ac_cv_func_socketpair=yes
ac_cv_func_strdup=yes
ac_cv_func_strndup=yes
ac_cv_func_vsnprintf=yes
ac_cv_header_crypt_h=yes
ac_cv_header_dlfcn_h=yes
ac_cv_header_elf_nlist_h=no
ac_cv_header_errno_h=yes
ac_cv_header_inttypes_h=yes
ac_cv_header_libelf_nlist_h=no
ac_cv_header_memory_h=yes
ac_cv_header_nlist_h=no
ac_cv_header_stdarg_h=yes
ac_cv_header_stdc=yes
ac_cv_header_stddef_h=yes
ac_cv_header_stdint=stdint.h
ac_cv_header_stdint_h=yes
ac_cv_header_stdint_t=stdint.h
ac_cv_header_stdlib_h=yes
ac_cv_header_string_h=yes
ac_cv_header_strings_h=yes
ac_cv_header_sys_epoll_h=yes
ac_cv_header_sys_param_h=yes
ac_cv_header_sys_resource_h=yes
ac_cv_header_sys_stat_h=yes
ac_cv_header_sys_syslog_h=yes
ac_cv_header_sys_types_h=yes
ac_cv_header_sys_uio_h=yes
ac_cv_header_sys_wait_h=yes
ac_cv_header_unistd_h=yes
ac_cv_header_wait_h=yes
ac_cv_header_zlib_h=no
ac_cv_lib_dl_nlist=no
ac_cv_lib_elf_nlist=no
ac_cv_lib_fl_yywrap=yes
ac_cv_member_struct_sockaddr_sa_len=no
ac_cv_objext=o
ac_cv_path_AR=/usr/bin/ar
ac_cv_path_CP=/bin/cp
ac_cv_path_LD=/usr/bin/ld
ac_cv_path_LN=/bin/ln
ac_cv_path_MV=/bin/mv
ac_cv_path_RANLIB=/usr/bin/ranlib
ac_cv_path_RM=/bin/rm
ac_cv_path_SED=/bin/sed
ac_cv_path_TOUCH=/usr/bin/touch
ac_cv_path_install='/usr/bin/install -c'
ac_cv_prog_CPP='gcc -E'
ac_cv_prog_LEX=flex
ac_cv_prog_YACC='bison -y'
ac_cv_prog_ac_ct_CC=gcc
ac_cv_prog_cc_g=yes
ac_cv_prog_cc_stdc=
ac_cv_prog_egrep='grep -E'
ac_cv_prog_gcc_traditional=no
ac_cv_prog_lex_root=lex.yy
ac_cv_prog_lex_yytext_pointer=yes
ac_cv_prog_make_make_set=yes
ac_cv_search_crypt=-lcrypt
ac_cv_search_dlopen=-ldl
ac_cv_search_shl_load=no
ac_cv_search_socket='none required'
ac_cv_search_strerror='none required'
ac_cv_stdint_message='using gnu compiler gcc (Ubuntu 4.4.3-4ubuntu5) 4.4.3'
ac_cv_stdint_result='(assuming C99 compatible system)'
ac_cv_type_in_port_t=yes
ac_cv_type_sa_family_t=yes
ac_cv_type_socklen_t=yes
ac_cv_working_alloca_h=yes
gcc_cv_header_string=yes

## ----------------- ##
## Output variables. ##
## ----------------- ##

ALLOCA=''
AR='/usr/bin/ar'
CC='gcc'
CFLAGS=''
CP='/bin/cp'
CPP='gcc -E'
CPPFLAGS=''
CRYPT_LIB='-lcrypt'
DEFS='-DHAVE_CONFIG_H'
ECHO_C=''
ECHO_N='-n'
ECHO_T=''
EGREP='grep -E'
ETC_DIR='/usr/local/ircd-ratbox/etc'
EXEEXT=''
HELP_DIR='/usr/local/ircd-ratbox/help'
INSTALL_DATA='${INSTALL} -m 644'
INSTALL_PROGRAM='${INSTALL}'
INSTALL_SCRIPT='${INSTALL}'
IRC_CFLAGS=' -O2 -Wall -g -fPIC -DPIC'
LD='/usr/bin/ld'
LDFLAGS=' -Wl,-export-dynamic'
LEX='flex'
LEXLIB='-lfl'
LEX_OUTPUT_ROOT='lex.yy'
LIBOBJS=''
LIBS='-ldl -lcrypt '
LN='/bin/ln'
LOG_DIR='/usr/local/ircd-ratbox/logs'
LTLIBOBJS=''
MAKEDEPEND=''
MKDEP='gcc -MM'
MODULES_LIBS=''
MODULE_DIR='/usr/local/ircd-ratbox/modules'
MOD_TARGET='shared_modules'
MV='/bin/mv'
M_SERVICES='m_services.c'
OBJEXT='o'
PACKAGE_BUGREPORT=''
PACKAGE_NAME='ircd-ratbox'
PACKAGE_STRING='ircd-ratbox stable'
PACKAGE_TARNAME='ircd-ratbox'
PACKAGE_VERSION='stable'
PATH_SEPARATOR=':'
PICFLAGS='-fPIC -DPIC -shared'
RANLIB='/usr/bin/ranlib'
RM='/bin/rm'
SED='/bin/sed'
SEDOBJ='s/\.o/.so/g'
SELECT_TYPE='epoll'
SET_MAKE=''
SHELL='/bin/bash'
SSL_INCLUDES=''
SSL_LIBS=''
SSL_SRCS_ENABLE=''
STDOUT='> .depend'
TOUCH='/usr/bin/touch'
VICONF='viconf'
YACC='bison -y'
ZLIB_LD=''
ac_ct_CC='gcc'
bindir='${exec_prefix}/bin'
build_alias=''
confdir='/usr/local/ircd-ratbox/etc'
datadir='${prefix}/share'
exec_prefix='${prefix}'
helpdir='/usr/local/ircd-ratbox/help'
host_alias=''
includedir='${prefix}/include'
infodir='${prefix}/info'
libdir='${exec_prefix}/lib'
libexecdir='${bindir}'
localstatedir='${prefix}'
logdir='/usr/local/ircd-ratbox/logs'
mandir='${prefix}/man'
moduledir='/usr/local/ircd-ratbox/modules'
oldincludedir='/usr/include'
prefix='/usr/local/ircd-ratbox'
program_transform_name='s,x,x,'
sbindir='${exec_prefix}/sbin'
sharedstatedir='${prefix}/com'
sysconfdir='${prefix}/etc'
target_alias=''

## ----------- ##
## confdefs.h. ##
## ----------- ##

#define AUTH_HEAP_SIZE 256
#define BAN_HEAP_SIZE 4096
#define CHANNEL_HEAP_SIZE 8192
#define CLIENT_HEAP_SIZE 8192
#define CONFITEM_HEAP_SIZE 1024
#define DNODE_HEAP_SIZE 8192
#define ENABLE_SERVICES 1
#define ETC_DIR "/usr/local/ircd-ratbox/etc"
#define HAVE_ALLOCA 1
#define HAVE_ALLOCA_H 1
#define HAVE_CRYPT_H 1
#define HAVE_DLFCN_H 1
#define HAVE_DLOPEN 1
#define HAVE_EPOLL 1
#define HAVE_EPOLL_CTL 1
#define HAVE_ERRNO_H 1
#define HAVE_GETTIMEOFDAY 1
#define HAVE_INTTYPES_H 1
#define HAVE_MEMORY_H 1
#define HAVE_MMAP 1
#define HAVE_NANOSLEEP 1
#define HAVE_POLL 1
#define HAVE_SELECT 1
#define HAVE_SOCKETPAIR 1
#define HAVE_STDDEF_H 1
#define HAVE_STDINT_H 1
#define HAVE_STDLIB_H 1
#define HAVE_STRDUP 1
#define HAVE_STRINGS_H 1
#define HAVE_STRING_H 1
#define HAVE_STRNDUP 1
#define HAVE_SYS_EPOLL_H 1
#define HAVE_SYS_PARAM_H 1
#define HAVE_SYS_RESOURCE_H 1
#define HAVE_SYS_STAT_H 1
#define HAVE_SYS_SYSLOG_H 1
#define HAVE_SYS_TYPES_H 1
#define HAVE_SYS_UIO_H 1
#define HAVE_SYS_WAIT_H 1
#define HAVE_UNISTD_H 1
#define HAVE_VSNPRINTF 1
#define HAVE_WAIT_H 1
#define HELP_DIR "/usr/local/ircd-ratbox/help"
#define IPV6 1
#define IRCD_PREFIX "/usr/local/ircd-ratbox"
#define LCLIENT_HEAP_SIZE 1024
#define LINEBUF_HEAP_SIZE 2048
#define LOG_DIR "/usr/local/ircd-ratbox/logs"
#define MEMBER_HEAP_SIZE 32768
#define MODULE_DIR "/usr/local/ircd-ratbox/modules"
#define MONITOR_HEAP_SIZE 1024
#define NDEBUG 1
#define ND_HEAP_SIZE 512
#define NICKLEN (50+1)
#define NICKNAMEHISTORYLENGTH 15000
#define PACKAGE_BUGREPORT ""
#define PACKAGE_NAME "ircd-ratbox"
#define PACKAGE_STRING "ircd-ratbox stable"
#define PACKAGE_TARNAME "ircd-ratbox"
#define PACKAGE_VERSION "stable"
#define PATH_DEVNULL "/dev/null"
#define RATBOX_CONFIGURE_OPTS "'--enable-services' '--with-nicklen=50' '--with-topiclen=300' '--prefix=/usr/local/ircd-ratbox' '--enable-ipv6'"
#define SELECT_TYPE "epoll"
#define SHARED_SUFFIX ".so"
#define STDC_HEADERS 1
#define STRING_WITH_STRINGS 1
#define SYMBOL_PREFIX ""
#define TOPICLEN 300
#define TOPIC_HEAP_SIZE 4096
#define USER_HEAP_SIZE 8192
#define YYTEXT_POINTER 1
#define _GNU_SOURCE 1

configure: exit 0
